[0.014s] Invoking command in '/home/dell/source_code/self-driving-car-ROS2/ros2_ws/build/ros2_numpy': CMAKE_PREFIX_PATH=${CMAKE_PREFIX_PATH}:/home/dell/source_code/self-driving-car-ROS2/ros2_ws/install/utils:/home/dell/source_code/self-driving-car-ROS2/ros2_ws/install/self_driving_car:/opt/ros/jazzy DEBUGINFOD_URLS=https://debuginfod.ubuntu.com PS1=(venv) \[\e]0;\u@\h: \w\a\]${debian_chroot:+($debian_chroot)}\[\033[01;32m\]\u@\h\[\033[00m\]:\[\033[01;34m\]\w\[\033[00m\]\$ VIRTUAL_ENV_PROMPT=(venv) /usr/bin/cmake /home/dell/source_code/self-driving-car-ROS2/ros2_ws/src/ros2_numpy -DCMAKE_INSTALL_PREFIX=/home/dell/source_code/self-driving-car-ROS2/ros2_ws/install/ros2_numpy
[0.037s] -- Found ament_cmake: 2.5.4 (/opt/ros/jazzy/share/ament_cmake/cmake)
[0.333s] -- Found sensor_msgs: 5.3.6 (/opt/ros/jazzy/share/sensor_msgs/cmake)
[0.388s] -- Found rosidl_generator_c: 4.6.6 (/opt/ros/jazzy/share/rosidl_generator_c/cmake)
[0.403s] -- Found rosidl_generator_cpp: 4.6.6 (/opt/ros/jazzy/share/rosidl_generator_cpp/cmake)
[0.424s] -- Using all available rosidl_typesupport_c: rosidl_typesupport_fastrtps_c;rosidl_typesupport_introspection_c
[0.445s] -- Using all available rosidl_typesupport_cpp: rosidl_typesupport_fastrtps_cpp;rosidl_typesupport_introspection_cpp
[0.566s] -- Found nav_msgs: 5.3.6 (/opt/ros/jazzy/share/nav_msgs/cmake)
[0.641s] Traceback (most recent call last):
[0.641s]   File "/opt/ros/jazzy/share/ament_cmake_core/cmake/core/package_xml_2_cmake.py", line 22, in <module>
[0.641s]     from catkin_pkg.package import parse_package_string
[0.641s] ModuleNotFoundError: No module named 'catkin_pkg'
[0.646s] [31mCMake Error at /opt/ros/jazzy/share/ament_cmake_core/cmake/core/ament_package_xml.cmake:95 (message):
[0.647s]   execute_process(/home/dell/source_code/venv/bin/python3
[0.647s]   /opt/ros/jazzy/share/ament_cmake_core/cmake/core/package_xml_2_cmake.py
[0.647s]   /home/dell/source_code/self-driving-car-ROS2/ros2_ws/src/ros2_numpy/package.xml
[0.647s]   /home/dell/source_code/self-driving-car-ROS2/ros2_ws/build/ros2_numpy/ament_cmake_core/package.cmake)
[0.647s]   returned error code 1
[0.647s] Call Stack (most recent call first):
[0.647s]   /opt/ros/jazzy/share/ament_cmake_core/cmake/core/ament_package_xml.cmake:49 (_ament_package_xml)
[0.647s]   /opt/ros/jazzy/share/ament_cmake_python/cmake/ament_python_install_package.cmake:60 (ament_package_xml)
[0.647s]   /opt/ros/jazzy/share/ament_cmake_python/cmake/ament_python_install_package.cmake:39 (_ament_cmake_python_install_package)
[0.648s]   CMakeLists.txt:10 (ament_python_install_package)
[0.648s] 
[0.648s] [0m
[0.648s] -- Configuring incomplete, errors occurred!
[0.655s] Invoked command in '/home/dell/source_code/self-driving-car-ROS2/ros2_ws/build/ros2_numpy' returned '1': CMAKE_PREFIX_PATH=${CMAKE_PREFIX_PATH}:/home/dell/source_code/self-driving-car-ROS2/ros2_ws/install/utils:/home/dell/source_code/self-driving-car-ROS2/ros2_ws/install/self_driving_car:/opt/ros/jazzy DEBUGINFOD_URLS=https://debuginfod.ubuntu.com PS1=(venv) \[\e]0;\u@\h: \w\a\]${debian_chroot:+($debian_chroot)}\[\033[01;32m\]\u@\h\[\033[00m\]:\[\033[01;34m\]\w\[\033[00m\]\$ VIRTUAL_ENV_PROMPT=(venv) /usr/bin/cmake /home/dell/source_code/self-driving-car-ROS2/ros2_ws/src/ros2_numpy -DCMAKE_INSTALL_PREFIX=/home/dell/source_code/self-driving-car-ROS2/ros2_ws/install/ros2_numpy
