[0.016s] Invoking command in '/home/dell/source_code/self-driving-car-ROS2/ros2_ws/build/ros2_numpy': CMAKE_PREFIX_PATH=${CMAKE_PREFIX_PATH}:/home/dell/source_code/self-driving-car-ROS2/ros2_ws/install/utils:/home/dell/source_code/self-driving-car-ROS2/ros2_ws/install/self_driving_car:/opt/ros/jazzy DEBUGINFOD_URLS=https://debuginfod.ubuntu.com PS1=(venv) \[\e]0;\u@\h: \w\a\]${debian_chroot:+($debian_chroot)}\[\033[01;32m\]\u@\h\[\033[00m\]:\[\033[01;34m\]\w\[\033[00m\]\$ VIRTUAL_ENV_PROMPT=(venv) /usr/bin/cmake /home/dell/source_code/self-driving-car-ROS2/ros2_ws/src/ros2_numpy -DCMAKE_INSTALL_PREFIX=/home/dell/source_code/self-driving-car-ROS2/ros2_ws/install/ros2_numpy
[0.428s] -- The C compiler identification is GNU 13.3.0
[0.729s] -- The CXX compiler identification is GNU 13.3.0
[0.760s] -- Detecting C compiler ABI info
[0.931s] -- Detecting C compiler ABI info - done
[0.946s] -- Check for working C compiler: /usr/bin/cc - skipped
[0.947s] -- Detecting C compile features
[0.960s] -- Detecting C compile features - done
[0.977s] -- Detecting CXX compiler ABI info
[1.118s] -- Detecting CXX compiler ABI info - done
[1.133s] -- Check for working CXX compiler: /usr/bin/c++ - skipped
[1.134s] -- Detecting CXX compile features
[1.134s] -- Detecting CXX compile features - done
[1.141s] -- Found ament_cmake: 2.5.4 (/opt/ros/jazzy/share/ament_cmake/cmake)
[1.329s] -- Found Python3: /home/dell/source_code/venv/bin/python3 (found version "3.12.3") found components: Interpreter 
[1.629s] -- Found sensor_msgs: 5.3.6 (/opt/ros/jazzy/share/sensor_msgs/cmake)
[1.887s] -- Found rosidl_generator_c: 4.6.6 (/opt/ros/jazzy/share/rosidl_generator_c/cmake)
[1.958s] -- Found rosidl_generator_cpp: 4.6.6 (/opt/ros/jazzy/share/rosidl_generator_cpp/cmake)
[2.007s] -- Using all available rosidl_typesupport_c: rosidl_typesupport_fastrtps_c;rosidl_typesupport_introspection_c
[2.048s] -- Using all available rosidl_typesupport_cpp: rosidl_typesupport_fastrtps_cpp;rosidl_typesupport_introspection_cpp
[2.252s] -- Found nav_msgs: 5.3.6 (/opt/ros/jazzy/share/nav_msgs/cmake)
[2.371s] Traceback (most recent call last):
[2.372s]   File "/opt/ros/jazzy/share/ament_cmake_core/cmake/core/package_xml_2_cmake.py", line 22, in <module>
[2.372s]     from catkin_pkg.package import parse_package_string
[2.372s] ModuleNotFoundError: No module named 'catkin_pkg'
[2.377s] [31mCMake Error at /opt/ros/jazzy/share/ament_cmake_core/cmake/core/ament_package_xml.cmake:95 (message):
[2.378s]   execute_process(/home/dell/source_code/venv/bin/python3
[2.378s]   /opt/ros/jazzy/share/ament_cmake_core/cmake/core/package_xml_2_cmake.py
[2.378s]   /home/dell/source_code/self-driving-car-ROS2/ros2_ws/src/ros2_numpy/package.xml
[2.378s]   /home/dell/source_code/self-driving-car-ROS2/ros2_ws/build/ros2_numpy/ament_cmake_core/package.cmake)
[2.378s]   returned error code 1
[2.378s] Call Stack (most recent call first):
[2.378s]   /opt/ros/jazzy/share/ament_cmake_core/cmake/core/ament_package_xml.cmake:49 (_ament_package_xml)
[2.378s]   /opt/ros/jazzy/share/ament_cmake_python/cmake/ament_python_install_package.cmake:60 (ament_package_xml)
[2.379s]   /opt/ros/jazzy/share/ament_cmake_python/cmake/ament_python_install_package.cmake:39 (_ament_cmake_python_install_package)
[2.379s]   CMakeLists.txt:10 (ament_python_install_package)
[2.379s] 
[2.379s] [0m
[2.379s] -- Configuring incomplete, errors occurred!
[2.388s] Invoked command in '/home/dell/source_code/self-driving-car-ROS2/ros2_ws/build/ros2_numpy' returned '1': CMAKE_PREFIX_PATH=${CMAKE_PREFIX_PATH}:/home/dell/source_code/self-driving-car-ROS2/ros2_ws/install/utils:/home/dell/source_code/self-driving-car-ROS2/ros2_ws/install/self_driving_car:/opt/ros/jazzy DEBUGINFOD_URLS=https://debuginfod.ubuntu.com PS1=(venv) \[\e]0;\u@\h: \w\a\]${debian_chroot:+($debian_chroot)}\[\033[01;32m\]\u@\h\[\033[00m\]:\[\033[01;34m\]\w\[\033[00m\]\$ VIRTUAL_ENV_PROMPT=(venv) /usr/bin/cmake /home/dell/source_code/self-driving-car-ROS2/ros2_ws/src/ros2_numpy -DCMAKE_INSTALL_PREFIX=/home/dell/source_code/self-driving-car-ROS2/ros2_ws/install/ros2_numpy
