running egg_info
creating ../../build/utils/utils.egg-info
writing ../../build/utils/utils.egg-info/PKG-INFO
writing dependency_links to ../../build/utils/utils.egg-info/dependency_links.txt
writing requirements to ../../build/utils/utils.egg-info/requires.txt
writing top-level names to ../../build/utils/utils.egg-info/top_level.txt
writing manifest file '../../build/utils/utils.egg-info/SOURCES.txt'
reading manifest file '../../build/utils/utils.egg-info/SOURCES.txt'
adding license file 'LICENSE'
writing manifest file '../../build/utils/utils.egg-info/SOURCES.txt'
running build
running build_py
creating /home/dell/source_code/self-driving-car-ROS2/ros2_ws/build/utils/build
creating /home/dell/source_code/self-driving-car-ROS2/ros2_ws/build/utils/build/lib
creating /home/dell/source_code/self-driving-car-ROS2/ros2_ws/build/utils/build/lib/utils
copying utils/__init__.py -> /home/dell/source_code/self-driving-car-ROS2/ros2_ws/build/utils/build/lib/utils
running install
running install_lib
creating /home/dell/source_code/self-driving-car-ROS2/ros2_ws/install/utils/lib/python3.12/site-packages/utils
copying /home/dell/source_code/self-driving-car-ROS2/ros2_ws/build/utils/build/lib/utils/__init__.py -> /home/dell/source_code/self-driving-car-ROS2/ros2_ws/install/utils/lib/python3.12/site-packages/utils
byte-compiling /home/dell/source_code/self-driving-car-ROS2/ros2_ws/install/utils/lib/python3.12/site-packages/utils/__init__.py to __init__.cpython-312.pyc
running install_data
creating /home/dell/source_code/self-driving-car-ROS2/ros2_ws/install/utils/share/ament_index
creating /home/dell/source_code/self-driving-car-ROS2/ros2_ws/install/utils/share/ament_index/resource_index
creating /home/dell/source_code/self-driving-car-ROS2/ros2_ws/install/utils/share/ament_index/resource_index/packages
copying resource/utils -> /home/dell/source_code/self-driving-car-ROS2/ros2_ws/install/utils/share/ament_index/resource_index/packages
copying package.xml -> /home/dell/source_code/self-driving-car-ROS2/ros2_ws/install/utils/share/utils
running install_egg_info
Copying ../../build/utils/utils.egg-info to /home/dell/source_code/self-driving-car-ROS2/ros2_ws/install/utils/lib/python3.12/site-packages/utils-0.0.0-py3.12.egg-info
running install_scripts
writing list of installed files to '/home/dell/source_code/self-driving-car-ROS2/ros2_ws/build/utils/install.log'
