[1.856s] Invoking command in '/home/dell/source_code/self-driving-car-ROS2/ros2_ws/src/utils': DEBUGINFOD_URLS=https://debuginfod.ubuntu.com PS1=(venv) \[\e]0;\u@\h: \w\a\]${debian_chroot:+($debian_chroot)}\[\033[01;32m\]\u@\h\[\033[00m\]:\[\033[01;34m\]\w\[\033[00m\]\$ PYTHONPATH=/home/dell/source_code/self-driving-car-ROS2/ros2_ws/build/utils/prefix_override:/usr/lib/python3/dist-packages/colcon_core/task/python/colcon_distutils_commands:/home/dell/source_code/self-driving-car-ROS2/ros2_ws/install/utils/lib/python3.12/site-packages:${PYTHONPATH} VIRTUAL_ENV_PROMPT=(venv) /usr/bin/python3 -W ignore:setup.py install is deprecated -W ignore:easy_install command is deprecated setup.py egg_info --egg-base ../../build/utils build --build-base /home/dell/source_code/self-driving-car-ROS2/ros2_ws/build/utils/build install --record /home/dell/source_code/self-driving-car-ROS2/ros2_ws/build/utils/install.log --single-version-externally-managed install_data
[2.365s] running egg_info
[2.366s] creating ../../build/utils/utils.egg-info
[2.405s] writing ../../build/utils/utils.egg-info/PKG-INFO
[2.406s] writing dependency_links to ../../build/utils/utils.egg-info/dependency_links.txt
[2.406s] writing requirements to ../../build/utils/utils.egg-info/requires.txt
[2.406s] writing top-level names to ../../build/utils/utils.egg-info/top_level.txt
[2.407s] writing manifest file '../../build/utils/utils.egg-info/SOURCES.txt'
[2.488s] reading manifest file '../../build/utils/utils.egg-info/SOURCES.txt'
[2.489s] adding license file 'LICENSE'
[2.490s] writing manifest file '../../build/utils/utils.egg-info/SOURCES.txt'
[2.490s] running build
[2.490s] running build_py
[2.491s] creating /home/dell/source_code/self-driving-car-ROS2/ros2_ws/build/utils/build
[2.491s] creating /home/dell/source_code/self-driving-car-ROS2/ros2_ws/build/utils/build/lib
[2.491s] creating /home/dell/source_code/self-driving-car-ROS2/ros2_ws/build/utils/build/lib/utils
[2.492s] copying utils/__init__.py -> /home/dell/source_code/self-driving-car-ROS2/ros2_ws/build/utils/build/lib/utils
[2.492s] running install
[2.503s] running install_lib
[2.546s] creating /home/dell/source_code/self-driving-car-ROS2/ros2_ws/install/utils/lib/python3.12/site-packages/utils
[2.546s] copying /home/dell/source_code/self-driving-car-ROS2/ros2_ws/build/utils/build/lib/utils/__init__.py -> /home/dell/source_code/self-driving-car-ROS2/ros2_ws/install/utils/lib/python3.12/site-packages/utils
[2.547s] byte-compiling /home/dell/source_code/self-driving-car-ROS2/ros2_ws/install/utils/lib/python3.12/site-packages/utils/__init__.py to __init__.cpython-312.pyc
[2.547s] running install_data
[2.548s] creating /home/dell/source_code/self-driving-car-ROS2/ros2_ws/install/utils/share/ament_index
[2.548s] creating /home/dell/source_code/self-driving-car-ROS2/ros2_ws/install/utils/share/ament_index/resource_index
[2.548s] creating /home/dell/source_code/self-driving-car-ROS2/ros2_ws/install/utils/share/ament_index/resource_index/packages
[2.549s] copying resource/utils -> /home/dell/source_code/self-driving-car-ROS2/ros2_ws/install/utils/share/ament_index/resource_index/packages
[2.549s] copying package.xml -> /home/dell/source_code/self-driving-car-ROS2/ros2_ws/install/utils/share/utils
[2.549s] running install_egg_info
[2.590s] Copying ../../build/utils/utils.egg-info to /home/dell/source_code/self-driving-car-ROS2/ros2_ws/install/utils/lib/python3.12/site-packages/utils-0.0.0-py3.12.egg-info
[2.591s] running install_scripts
[2.850s] writing list of installed files to '/home/dell/source_code/self-driving-car-ROS2/ros2_ws/build/utils/install.log'
[2.928s] Invoked command in '/home/dell/source_code/self-driving-car-ROS2/ros2_ws/src/utils' returned '0': DEBUGINFOD_URLS=https://debuginfod.ubuntu.com PS1=(venv) \[\e]0;\u@\h: \w\a\]${debian_chroot:+($debian_chroot)}\[\033[01;32m\]\u@\h\[\033[00m\]:\[\033[01;34m\]\w\[\033[00m\]\$ PYTHONPATH=/home/dell/source_code/self-driving-car-ROS2/ros2_ws/build/utils/prefix_override:/usr/lib/python3/dist-packages/colcon_core/task/python/colcon_distutils_commands:/home/dell/source_code/self-driving-car-ROS2/ros2_ws/install/utils/lib/python3.12/site-packages:${PYTHONPATH} VIRTUAL_ENV_PROMPT=(venv) /usr/bin/python3 -W ignore:setup.py install is deprecated -W ignore:easy_install command is deprecated setup.py egg_info --egg-base ../../build/utils build --build-base /home/dell/source_code/self-driving-car-ROS2/ros2_ws/build/utils/build install --record /home/dell/source_code/self-driving-car-ROS2/ros2_ws/build/utils/install.log --single-version-externally-managed install_data
