[1.887s] Invoking command in '/home/dell/source_code/self-driving-car-ROS2/ros2_ws/src/self_driving_car': DEBUGINFOD_URLS=https://debuginfod.ubuntu.com PS1=(venv) \[\e]0;\u@\h: \w\a\]${debian_chroot:+($debian_chroot)}\[\033[01;32m\]\u@\h\[\033[00m\]:\[\033[01;34m\]\w\[\033[00m\]\$ PYTHONPATH=/home/dell/source_code/self-driving-car-ROS2/ros2_ws/build/self_driving_car/prefix_override:/usr/lib/python3/dist-packages/colcon_core/task/python/colcon_distutils_commands:/home/dell/source_code/self-driving-car-ROS2/ros2_ws/install/self_driving_car/lib/python3.12/site-packages:/home/dell/source_code/self-driving-car-ROS2/ros2_ws/install/ros2_numpy/lib/python3.12/site-packages:/home/dell/source_code/self-driving-car-ROS2/ros2_ws/build/utils:/home/dell/source_code/self-driving-car-ROS2/ros2_ws/install/utils/lib/python3.12/site-packages:/home/dell/source_code/self-driving-car-ROS2/ros2_ws/build/self_driving_car:/home/dell/source_code/self-driving-car-ROS2/ros2_ws/install/self_driving_car/lib/python3.12/site-packages:/opt/ros/jazzy/lib/python3.12/site-packages VIRTUAL_ENV_PROMPT=(venv) /usr/bin/python3 -W ignore:setup.py install is deprecated -W ignore:easy_install command is deprecated setup.py egg_info --egg-base ../../build/self_driving_car build --build-base /home/dell/source_code/self-driving-car-ROS2/ros2_ws/build/self_driving_car/build install --record /home/dell/source_code/self-driving-car-ROS2/ros2_ws/build/self_driving_car/install.log --single-version-externally-managed install_data
[2.403s] running egg_info
[2.445s] writing ../../build/self_driving_car/self_driving_car.egg-info/PKG-INFO
[2.446s] writing dependency_links to ../../build/self_driving_car/self_driving_car.egg-info/dependency_links.txt
[2.446s] writing requirements to ../../build/self_driving_car/self_driving_car.egg-info/requires.txt
[2.446s] writing top-level names to ../../build/self_driving_car/self_driving_car.egg-info/top_level.txt
[2.528s] reading manifest file '../../build/self_driving_car/self_driving_car.egg-info/SOURCES.txt'
[2.529s] adding license file 'LICENSE'
[2.530s] writing manifest file '../../build/self_driving_car/self_driving_car.egg-info/SOURCES.txt'
[2.530s] running build
[2.530s] running build_py
[2.530s] running install
[2.543s] running install_lib
[2.585s] running install_data
[2.585s] running install_egg_info
[2.628s] removing '/home/dell/source_code/self-driving-car-ROS2/ros2_ws/install/self_driving_car/lib/python3.12/site-packages/self_driving_car-0.0.0-py3.12.egg-info' (and everything under it)
[2.628s] Copying ../../build/self_driving_car/self_driving_car.egg-info to /home/dell/source_code/self-driving-car-ROS2/ros2_ws/install/self_driving_car/lib/python3.12/site-packages/self_driving_car-0.0.0-py3.12.egg-info
[2.629s] running install_scripts
[2.890s] writing list of installed files to '/home/dell/source_code/self-driving-car-ROS2/ros2_ws/build/self_driving_car/install.log'
[2.961s] Invoked command in '/home/dell/source_code/self-driving-car-ROS2/ros2_ws/src/self_driving_car' returned '0': DEBUGINFOD_URLS=https://debuginfod.ubuntu.com PS1=(venv) \[\e]0;\u@\h: \w\a\]${debian_chroot:+($debian_chroot)}\[\033[01;32m\]\u@\h\[\033[00m\]:\[\033[01;34m\]\w\[\033[00m\]\$ PYTHONPATH=/home/dell/source_code/self-driving-car-ROS2/ros2_ws/build/self_driving_car/prefix_override:/usr/lib/python3/dist-packages/colcon_core/task/python/colcon_distutils_commands:/home/dell/source_code/self-driving-car-ROS2/ros2_ws/install/self_driving_car/lib/python3.12/site-packages:/home/dell/source_code/self-driving-car-ROS2/ros2_ws/install/ros2_numpy/lib/python3.12/site-packages:/home/dell/source_code/self-driving-car-ROS2/ros2_ws/build/utils:/home/dell/source_code/self-driving-car-ROS2/ros2_ws/install/utils/lib/python3.12/site-packages:/home/dell/source_code/self-driving-car-ROS2/ros2_ws/build/self_driving_car:/home/dell/source_code/self-driving-car-ROS2/ros2_ws/install/self_driving_car/lib/python3.12/site-packages:/opt/ros/jazzy/lib/python3.12/site-packages VIRTUAL_ENV_PROMPT=(venv) /usr/bin/python3 -W ignore:setup.py install is deprecated -W ignore:easy_install command is deprecated setup.py egg_info --egg-base ../../build/self_driving_car build --build-base /home/dell/source_code/self-driving-car-ROS2/ros2_ws/build/self_driving_car/build install --record /home/dell/source_code/self-driving-car-ROS2/ros2_ws/build/self_driving_car/install.log --single-version-externally-managed install_data
