-- Found ament_cmake: 2.5.4 (/opt/ros/jazzy/share/ament_cmake/cmake)
-- Found sensor_msgs: 5.3.6 (/opt/ros/jazzy/share/sensor_msgs/cmake)
-- Found rosidl_generator_c: 4.6.6 (/opt/ros/jazzy/share/rosidl_generator_c/cmake)
-- Found rosidl_generator_cpp: 4.6.6 (/opt/ros/jazzy/share/rosidl_generator_cpp/cmake)
-- Using all available rosidl_typesupport_c: rosidl_typesupport_fastrtps_c;rosidl_typesupport_introspection_c
-- Using all available rosidl_typesupport_cpp: rosidl_typesupport_fastrtps_cpp;rosidl_typesupport_introspection_cpp
-- Found nav_msgs: 5.3.6 (/opt/ros/jazzy/share/nav_msgs/cmake)
-- Found rclpy: 7.1.6 (/opt/ros/jazzy/share/rclpy/cmake)
-- Found ament_cmake_pytest: 2.5.4 (/opt/ros/jazzy/share/ament_cmake_pytest/cmake)
-- Configuring done (1.1s)
-- Generating done (0.0s)
-- Build files have been written to: /home/dell/source_code/self-driving-car-ROS2/ros2_ws/build/ros2_numpy
Built target ament_cmake_python_copy_ros2_numpy
running egg_info
creating ros2_numpy.egg-info
writing ros2_numpy.egg-info/PKG-INFO
writing dependency_links to ros2_numpy.egg-info/dependency_links.txt
writing top-level names to ros2_numpy.egg-info/top_level.txt
writing manifest file 'ros2_numpy.egg-info/SOURCES.txt'
reading manifest file 'ros2_numpy.egg-info/SOURCES.txt'
writing manifest file 'ros2_numpy.egg-info/SOURCES.txt'
Built target ament_cmake_python_build_ros2_numpy_egg
-- Install configuration: ""
-- Installing: /home/dell/source_code/self-driving-car-ROS2/ros2_ws/install/ros2_numpy/share/ros2_numpy/environment/pythonpath.sh
-- Installing: /home/dell/source_code/self-driving-car-ROS2/ros2_ws/install/ros2_numpy/share/ros2_numpy/environment/pythonpath.dsv
-- Installing: /home/dell/source_code/self-driving-car-ROS2/ros2_ws/install/ros2_numpy/lib/python3.12/site-packages/ros2_numpy-2.0.12-py3.12.egg-info
-- Installing: /home/dell/source_code/self-driving-car-ROS2/ros2_ws/install/ros2_numpy/lib/python3.12/site-packages/ros2_numpy-2.0.12-py3.12.egg-info/PKG-INFO
-- Installing: /home/dell/source_code/self-driving-car-ROS2/ros2_ws/install/ros2_numpy/lib/python3.12/site-packages/ros2_numpy-2.0.12-py3.12.egg-info/SOURCES.txt
-- Installing: /home/dell/source_code/self-driving-car-ROS2/ros2_ws/install/ros2_numpy/lib/python3.12/site-packages/ros2_numpy-2.0.12-py3.12.egg-info/top_level.txt
-- Installing: /home/dell/source_code/self-driving-car-ROS2/ros2_ws/install/ros2_numpy/lib/python3.12/site-packages/ros2_numpy-2.0.12-py3.12.egg-info/dependency_links.txt
-- Installing: /home/dell/source_code/self-driving-car-ROS2/ros2_ws/install/ros2_numpy/lib/python3.12/site-packages/ros2_numpy
-- Installing: /home/dell/source_code/self-driving-car-ROS2/ros2_ws/install/ros2_numpy/lib/python3.12/site-packages/ros2_numpy/registry.py
-- Installing: /home/dell/source_code/self-driving-car-ROS2/ros2_ws/install/ros2_numpy/lib/python3.12/site-packages/ros2_numpy/image.py
-- Installing: /home/dell/source_code/self-driving-car-ROS2/ros2_ws/install/ros2_numpy/lib/python3.12/site-packages/ros2_numpy/laser_scan.py
-- Installing: /home/dell/source_code/self-driving-car-ROS2/ros2_ws/install/ros2_numpy/lib/python3.12/site-packages/ros2_numpy/geometry.py
-- Installing: /home/dell/source_code/self-driving-car-ROS2/ros2_ws/install/ros2_numpy/lib/python3.12/site-packages/ros2_numpy/__init__.py
-- Installing: /home/dell/source_code/self-driving-car-ROS2/ros2_ws/install/ros2_numpy/lib/python3.12/site-packages/ros2_numpy/point_cloud2.py
-- Installing: /home/dell/source_code/self-driving-car-ROS2/ros2_ws/install/ros2_numpy/lib/python3.12/site-packages/ros2_numpy/occupancy_grid.py
Listing '/home/dell/source_code/self-driving-car-ROS2/ros2_ws/install/ros2_numpy/lib/python3.12/site-packages/ros2_numpy'...
Compiling '/home/dell/source_code/self-driving-car-ROS2/ros2_ws/install/ros2_numpy/lib/python3.12/site-packages/ros2_numpy/__init__.py'...
Compiling '/home/dell/source_code/self-driving-car-ROS2/ros2_ws/install/ros2_numpy/lib/python3.12/site-packages/ros2_numpy/geometry.py'...
Compiling '/home/dell/source_code/self-driving-car-ROS2/ros2_ws/install/ros2_numpy/lib/python3.12/site-packages/ros2_numpy/image.py'...
Compiling '/home/dell/source_code/self-driving-car-ROS2/ros2_ws/install/ros2_numpy/lib/python3.12/site-packages/ros2_numpy/laser_scan.py'...
Compiling '/home/dell/source_code/self-driving-car-ROS2/ros2_ws/install/ros2_numpy/lib/python3.12/site-packages/ros2_numpy/occupancy_grid.py'...
Compiling '/home/dell/source_code/self-driving-car-ROS2/ros2_ws/install/ros2_numpy/lib/python3.12/site-packages/ros2_numpy/point_cloud2.py'...
Compiling '/home/dell/source_code/self-driving-car-ROS2/ros2_ws/install/ros2_numpy/lib/python3.12/site-packages/ros2_numpy/registry.py'...
-- Installing: /home/dell/source_code/self-driving-car-ROS2/ros2_ws/install/ros2_numpy/share/ament_index/resource_index/package_run_dependencies/ros2_numpy
-- Installing: /home/dell/source_code/self-driving-car-ROS2/ros2_ws/install/ros2_numpy/share/ament_index/resource_index/parent_prefix_path/ros2_numpy
-- Installing: /home/dell/source_code/self-driving-car-ROS2/ros2_ws/install/ros2_numpy/share/ros2_numpy/environment/ament_prefix_path.sh
-- Installing: /home/dell/source_code/self-driving-car-ROS2/ros2_ws/install/ros2_numpy/share/ros2_numpy/environment/ament_prefix_path.dsv
-- Installing: /home/dell/source_code/self-driving-car-ROS2/ros2_ws/install/ros2_numpy/share/ros2_numpy/environment/path.sh
-- Installing: /home/dell/source_code/self-driving-car-ROS2/ros2_ws/install/ros2_numpy/share/ros2_numpy/environment/path.dsv
-- Installing: /home/dell/source_code/self-driving-car-ROS2/ros2_ws/install/ros2_numpy/share/ros2_numpy/local_setup.bash
-- Installing: /home/dell/source_code/self-driving-car-ROS2/ros2_ws/install/ros2_numpy/share/ros2_numpy/local_setup.sh
-- Installing: /home/dell/source_code/self-driving-car-ROS2/ros2_ws/install/ros2_numpy/share/ros2_numpy/local_setup.zsh
-- Installing: /home/dell/source_code/self-driving-car-ROS2/ros2_ws/install/ros2_numpy/share/ros2_numpy/local_setup.dsv
-- Installing: /home/dell/source_code/self-driving-car-ROS2/ros2_ws/install/ros2_numpy/share/ros2_numpy/package.dsv
-- Installing: /home/dell/source_code/self-driving-car-ROS2/ros2_ws/install/ros2_numpy/share/ament_index/resource_index/packages/ros2_numpy
-- Installing: /home/dell/source_code/self-driving-car-ROS2/ros2_ws/install/ros2_numpy/share/ros2_numpy/cmake/ament_cmake_export_dependencies-extras.cmake
-- Installing: /home/dell/source_code/self-driving-car-ROS2/ros2_ws/install/ros2_numpy/share/ros2_numpy/cmake/ros2_numpyConfig.cmake
-- Installing: /home/dell/source_code/self-driving-car-ROS2/ros2_ws/install/ros2_numpy/share/ros2_numpy/cmake/ros2_numpyConfig-version.cmake
-- Installing: /home/dell/source_code/self-driving-car-ROS2/ros2_ws/install/ros2_numpy/share/ros2_numpy/package.xml
