[0.017s] Invoking command in '/home/dell/source_code/self-driving-car-ROS2/ros2_ws/build/ros2_numpy': CMAKE_PREFIX_PATH=${CMAKE_PREFIX_PATH}:/home/dell/source_code/self-driving-car-ROS2/ros2_ws/install/utils:/home/dell/source_code/self-driving-car-ROS2/ros2_ws/install/self_driving_car:/opt/ros/jazzy DEBUGINFOD_URLS=https://debuginfod.ubuntu.com PS1=(venv) \[\e]0;\u@\h: \w\a\]${debian_chroot:+($debian_chroot)}\[\033[01;32m\]\u@\h\[\033[00m\]:\[\033[01;34m\]\w\[\033[00m\]\$ VIRTUAL_ENV_PROMPT=(venv) /usr/bin/cmake /home/dell/source_code/self-driving-car-ROS2/ros2_ws/src/ros2_numpy -DCMAKE_INSTALL_PREFIX=/home/dell/source_code/self-driving-car-ROS2/ros2_ws/install/ros2_numpy
[0.039s] -- Found ament_cmake: 2.5.4 (/opt/ros/jazzy/share/ament_cmake/cmake)
[0.367s] -- Found sensor_msgs: 5.3.6 (/opt/ros/jazzy/share/sensor_msgs/cmake)
[0.421s] -- Found rosidl_generator_c: 4.6.6 (/opt/ros/jazzy/share/rosidl_generator_c/cmake)
[0.435s] -- Found rosidl_generator_cpp: 4.6.6 (/opt/ros/jazzy/share/rosidl_generator_cpp/cmake)
[0.453s] -- Using all available rosidl_typesupport_c: rosidl_typesupport_fastrtps_c;rosidl_typesupport_introspection_c
[0.474s] -- Using all available rosidl_typesupport_cpp: rosidl_typesupport_fastrtps_cpp;rosidl_typesupport_introspection_cpp
[0.597s] -- Found nav_msgs: 5.3.6 (/opt/ros/jazzy/share/nav_msgs/cmake)
[0.784s] -- Found rclpy: 7.1.6 (/opt/ros/jazzy/share/rclpy/cmake)
[0.787s] -- Found ament_cmake_pytest: 2.5.4 (/opt/ros/jazzy/share/ament_cmake_pytest/cmake)
[0.819s] [33mCMake Warning at /opt/ros/jazzy/share/ament_cmake_pytest/cmake/ament_add_pytest_test.cmake:82 (message):
[0.820s]   The Python module 'pytest' was not found, pytests cannot be run.  On Linux,
[0.820s]   install the 'python3-pytest' package.  On other platforms, install 'pytest'
[0.820s]   using pip.
[0.820s] Call Stack (most recent call first):
[0.820s]   CMakeLists.txt:16 (ament_add_pytest_test)
[0.820s] 
[0.820s] [0m
[0.848s] [33mCMake Warning at /opt/ros/jazzy/share/ament_cmake_pytest/cmake/ament_add_pytest_test.cmake:82 (message):
[0.848s]   The Python module 'pytest' was not found, pytests cannot be run.  On Linux,
[0.848s]   install the 'python3-pytest' package.  On other platforms, install 'pytest'
[0.848s]   using pip.
[0.848s] Call Stack (most recent call first):
[0.848s]   CMakeLists.txt:17 (ament_add_pytest_test)
[0.848s] 
[0.849s] [0m
[0.876s] [33mCMake Warning at /opt/ros/jazzy/share/ament_cmake_pytest/cmake/ament_add_pytest_test.cmake:82 (message):
[0.876s]   The Python module 'pytest' was not found, pytests cannot be run.  On Linux,
[0.876s]   install the 'python3-pytest' package.  On other platforms, install 'pytest'
[0.877s]   using pip.
[0.877s] Call Stack (most recent call first):
[0.877s]   CMakeLists.txt:18 (ament_add_pytest_test)
[0.877s] 
[0.877s] [0m
[0.906s] [33mCMake Warning at /opt/ros/jazzy/share/ament_cmake_pytest/cmake/ament_add_pytest_test.cmake:82 (message):
[0.906s]   The Python module 'pytest' was not found, pytests cannot be run.  On Linux,
[0.907s]   install the 'python3-pytest' package.  On other platforms, install 'pytest'
[0.907s]   using pip.
[0.907s] Call Stack (most recent call first):
[0.907s]   CMakeLists.txt:19 (ament_add_pytest_test)
[0.907s] 
[0.908s] [0m
[0.938s] [33mCMake Warning at /opt/ros/jazzy/share/ament_cmake_pytest/cmake/ament_add_pytest_test.cmake:82 (message):
[0.938s]   The Python module 'pytest' was not found, pytests cannot be run.  On Linux,
[0.938s]   install the 'python3-pytest' package.  On other platforms, install 'pytest'
[0.938s]   using pip.
[0.938s] Call Stack (most recent call first):
[0.938s]   CMakeLists.txt:20 (ament_add_pytest_test)
[0.938s] 
[0.939s] [0m
[0.966s] [33mCMake Warning at /opt/ros/jazzy/share/ament_cmake_pytest/cmake/ament_add_pytest_test.cmake:82 (message):
[0.966s]   The Python module 'pytest' was not found, pytests cannot be run.  On Linux,
[0.967s]   install the 'python3-pytest' package.  On other platforms, install 'pytest'
[0.967s]   using pip.
[0.967s] Call Stack (most recent call first):
[0.967s]   CMakeLists.txt:21 (ament_add_pytest_test)
[0.967s] 
[0.967s] [0m
[1.128s] -- Configuring done (1.1s)
[1.147s] -- Generating done (0.0s)
[1.156s] -- Build files have been written to: /home/dell/source_code/self-driving-car-ROS2/ros2_ws/build/ros2_numpy
[1.170s] Invoked command in '/home/dell/source_code/self-driving-car-ROS2/ros2_ws/build/ros2_numpy' returned '0': CMAKE_PREFIX_PATH=${CMAKE_PREFIX_PATH}:/home/dell/source_code/self-driving-car-ROS2/ros2_ws/install/utils:/home/dell/source_code/self-driving-car-ROS2/ros2_ws/install/self_driving_car:/opt/ros/jazzy DEBUGINFOD_URLS=https://debuginfod.ubuntu.com PS1=(venv) \[\e]0;\u@\h: \w\a\]${debian_chroot:+($debian_chroot)}\[\033[01;32m\]\u@\h\[\033[00m\]:\[\033[01;34m\]\w\[\033[00m\]\$ VIRTUAL_ENV_PROMPT=(venv) /usr/bin/cmake /home/dell/source_code/self-driving-car-ROS2/ros2_ws/src/ros2_numpy -DCMAKE_INSTALL_PREFIX=/home/dell/source_code/self-driving-car-ROS2/ros2_ws/install/ros2_numpy
[1.172s] Invoking command in '/home/dell/source_code/self-driving-car-ROS2/ros2_ws/build/ros2_numpy': CMAKE_PREFIX_PATH=${CMAKE_PREFIX_PATH}:/home/dell/source_code/self-driving-car-ROS2/ros2_ws/install/utils:/home/dell/source_code/self-driving-car-ROS2/ros2_ws/install/self_driving_car:/opt/ros/jazzy DEBUGINFOD_URLS=https://debuginfod.ubuntu.com PS1=(venv) \[\e]0;\u@\h: \w\a\]${debian_chroot:+($debian_chroot)}\[\033[01;32m\]\u@\h\[\033[00m\]:\[\033[01;34m\]\w\[\033[00m\]\$ VIRTUAL_ENV_PROMPT=(venv) /usr/bin/cmake --build /home/dell/source_code/self-driving-car-ROS2/ros2_ws/build/ros2_numpy -- -j4 -l4
[1.251s] Built target ament_cmake_python_copy_ros2_numpy
[1.575s] running egg_info
[1.576s] creating ros2_numpy.egg-info
[1.596s] writing ros2_numpy.egg-info/PKG-INFO
[1.596s] writing dependency_links to ros2_numpy.egg-info/dependency_links.txt
[1.596s] writing top-level names to ros2_numpy.egg-info/top_level.txt
[1.597s] writing manifest file 'ros2_numpy.egg-info/SOURCES.txt'
[1.656s] reading manifest file 'ros2_numpy.egg-info/SOURCES.txt'
[1.657s] writing manifest file 'ros2_numpy.egg-info/SOURCES.txt'
[1.705s] Built target ament_cmake_python_build_ros2_numpy_egg
[1.720s] Invoked command in '/home/dell/source_code/self-driving-car-ROS2/ros2_ws/build/ros2_numpy' returned '0': CMAKE_PREFIX_PATH=${CMAKE_PREFIX_PATH}:/home/dell/source_code/self-driving-car-ROS2/ros2_ws/install/utils:/home/dell/source_code/self-driving-car-ROS2/ros2_ws/install/self_driving_car:/opt/ros/jazzy DEBUGINFOD_URLS=https://debuginfod.ubuntu.com PS1=(venv) \[\e]0;\u@\h: \w\a\]${debian_chroot:+($debian_chroot)}\[\033[01;32m\]\u@\h\[\033[00m\]:\[\033[01;34m\]\w\[\033[00m\]\$ VIRTUAL_ENV_PROMPT=(venv) /usr/bin/cmake --build /home/dell/source_code/self-driving-car-ROS2/ros2_ws/build/ros2_numpy -- -j4 -l4
[1.734s] Invoking command in '/home/dell/source_code/self-driving-car-ROS2/ros2_ws/build/ros2_numpy': CMAKE_PREFIX_PATH=${CMAKE_PREFIX_PATH}:/home/dell/source_code/self-driving-car-ROS2/ros2_ws/install/utils:/home/dell/source_code/self-driving-car-ROS2/ros2_ws/install/self_driving_car:/opt/ros/jazzy DEBUGINFOD_URLS=https://debuginfod.ubuntu.com PS1=(venv) \[\e]0;\u@\h: \w\a\]${debian_chroot:+($debian_chroot)}\[\033[01;32m\]\u@\h\[\033[00m\]:\[\033[01;34m\]\w\[\033[00m\]\$ VIRTUAL_ENV_PROMPT=(venv) /usr/bin/cmake --install /home/dell/source_code/self-driving-car-ROS2/ros2_ws/build/ros2_numpy
[1.747s] -- Install configuration: ""
[1.747s] -- Installing: /home/dell/source_code/self-driving-car-ROS2/ros2_ws/install/ros2_numpy/share/ros2_numpy/environment/pythonpath.sh
[1.748s] -- Installing: /home/dell/source_code/self-driving-car-ROS2/ros2_ws/install/ros2_numpy/share/ros2_numpy/environment/pythonpath.dsv
[1.748s] -- Installing: /home/dell/source_code/self-driving-car-ROS2/ros2_ws/install/ros2_numpy/lib/python3.12/site-packages/ros2_numpy-2.0.12-py3.12.egg-info
[1.749s] -- Installing: /home/dell/source_code/self-driving-car-ROS2/ros2_ws/install/ros2_numpy/lib/python3.12/site-packages/ros2_numpy-2.0.12-py3.12.egg-info/PKG-INFO
[1.749s] -- Installing: /home/dell/source_code/self-driving-car-ROS2/ros2_ws/install/ros2_numpy/lib/python3.12/site-packages/ros2_numpy-2.0.12-py3.12.egg-info/SOURCES.txt
[1.749s] -- Installing: /home/dell/source_code/self-driving-car-ROS2/ros2_ws/install/ros2_numpy/lib/python3.12/site-packages/ros2_numpy-2.0.12-py3.12.egg-info/top_level.txt
[1.749s] -- Installing: /home/dell/source_code/self-driving-car-ROS2/ros2_ws/install/ros2_numpy/lib/python3.12/site-packages/ros2_numpy-2.0.12-py3.12.egg-info/dependency_links.txt
[1.749s] -- Installing: /home/dell/source_code/self-driving-car-ROS2/ros2_ws/install/ros2_numpy/lib/python3.12/site-packages/ros2_numpy
[1.750s] -- Installing: /home/dell/source_code/self-driving-car-ROS2/ros2_ws/install/ros2_numpy/lib/python3.12/site-packages/ros2_numpy/registry.py
[1.750s] -- Installing: /home/dell/source_code/self-driving-car-ROS2/ros2_ws/install/ros2_numpy/lib/python3.12/site-packages/ros2_numpy/image.py
[1.750s] -- Installing: /home/dell/source_code/self-driving-car-ROS2/ros2_ws/install/ros2_numpy/lib/python3.12/site-packages/ros2_numpy/laser_scan.py
[1.750s] -- Installing: /home/dell/source_code/self-driving-car-ROS2/ros2_ws/install/ros2_numpy/lib/python3.12/site-packages/ros2_numpy/geometry.py
[1.750s] -- Installing: /home/dell/source_code/self-driving-car-ROS2/ros2_ws/install/ros2_numpy/lib/python3.12/site-packages/ros2_numpy/__init__.py
[1.750s] -- Installing: /home/dell/source_code/self-driving-car-ROS2/ros2_ws/install/ros2_numpy/lib/python3.12/site-packages/ros2_numpy/point_cloud2.py
[1.751s] -- Installing: /home/dell/source_code/self-driving-car-ROS2/ros2_ws/install/ros2_numpy/lib/python3.12/site-packages/ros2_numpy/occupancy_grid.py
[1.811s] Listing '/home/dell/source_code/self-driving-car-ROS2/ros2_ws/install/ros2_numpy/lib/python3.12/site-packages/ros2_numpy'...
[1.812s] Compiling '/home/dell/source_code/self-driving-car-ROS2/ros2_ws/install/ros2_numpy/lib/python3.12/site-packages/ros2_numpy/__init__.py'...
[1.812s] Compiling '/home/dell/source_code/self-driving-car-ROS2/ros2_ws/install/ros2_numpy/lib/python3.12/site-packages/ros2_numpy/geometry.py'...
[1.812s] Compiling '/home/dell/source_code/self-driving-car-ROS2/ros2_ws/install/ros2_numpy/lib/python3.12/site-packages/ros2_numpy/image.py'...
[1.812s] Compiling '/home/dell/source_code/self-driving-car-ROS2/ros2_ws/install/ros2_numpy/lib/python3.12/site-packages/ros2_numpy/laser_scan.py'...
[1.812s] Compiling '/home/dell/source_code/self-driving-car-ROS2/ros2_ws/install/ros2_numpy/lib/python3.12/site-packages/ros2_numpy/occupancy_grid.py'...
[1.812s] Compiling '/home/dell/source_code/self-driving-car-ROS2/ros2_ws/install/ros2_numpy/lib/python3.12/site-packages/ros2_numpy/point_cloud2.py'...
[1.813s] Compiling '/home/dell/source_code/self-driving-car-ROS2/ros2_ws/install/ros2_numpy/lib/python3.12/site-packages/ros2_numpy/registry.py'...
[1.823s] -- Installing: /home/dell/source_code/self-driving-car-ROS2/ros2_ws/install/ros2_numpy/share/ament_index/resource_index/package_run_dependencies/ros2_numpy
[1.823s] -- Installing: /home/dell/source_code/self-driving-car-ROS2/ros2_ws/install/ros2_numpy/share/ament_index/resource_index/parent_prefix_path/ros2_numpy
[1.824s] -- Installing: /home/dell/source_code/self-driving-car-ROS2/ros2_ws/install/ros2_numpy/share/ros2_numpy/environment/ament_prefix_path.sh
[1.824s] -- Installing: /home/dell/source_code/self-driving-car-ROS2/ros2_ws/install/ros2_numpy/share/ros2_numpy/environment/ament_prefix_path.dsv
[1.824s] -- Installing: /home/dell/source_code/self-driving-car-ROS2/ros2_ws/install/ros2_numpy/share/ros2_numpy/environment/path.sh
[1.825s] -- Installing: /home/dell/source_code/self-driving-car-ROS2/ros2_ws/install/ros2_numpy/share/ros2_numpy/environment/path.dsv
[1.825s] -- Installing: /home/dell/source_code/self-driving-car-ROS2/ros2_ws/install/ros2_numpy/share/ros2_numpy/local_setup.bash
[1.825s] -- Installing: /home/dell/source_code/self-driving-car-ROS2/ros2_ws/install/ros2_numpy/share/ros2_numpy/local_setup.sh
[1.826s] -- Installing: /home/dell/source_code/self-driving-car-ROS2/ros2_ws/install/ros2_numpy/share/ros2_numpy/local_setup.zsh
[1.826s] -- Installing: /home/dell/source_code/self-driving-car-ROS2/ros2_ws/install/ros2_numpy/share/ros2_numpy/local_setup.dsv
[1.826s] -- Installing: /home/dell/source_code/self-driving-car-ROS2/ros2_ws/install/ros2_numpy/share/ros2_numpy/package.dsv
[1.827s] -- Installing: /home/dell/source_code/self-driving-car-ROS2/ros2_ws/install/ros2_numpy/share/ament_index/resource_index/packages/ros2_numpy
[1.827s] -- Installing: /home/dell/source_code/self-driving-car-ROS2/ros2_ws/install/ros2_numpy/share/ros2_numpy/cmake/ament_cmake_export_dependencies-extras.cmake
[1.827s] -- Installing: /home/dell/source_code/self-driving-car-ROS2/ros2_ws/install/ros2_numpy/share/ros2_numpy/cmake/ros2_numpyConfig.cmake
[1.827s] -- Installing: /home/dell/source_code/self-driving-car-ROS2/ros2_ws/install/ros2_numpy/share/ros2_numpy/cmake/ros2_numpyConfig-version.cmake
[1.828s] -- Installing: /home/dell/source_code/self-driving-car-ROS2/ros2_ws/install/ros2_numpy/share/ros2_numpy/package.xml
[1.831s] Invoked command in '/home/dell/source_code/self-driving-car-ROS2/ros2_ws/build/ros2_numpy' returned '0': CMAKE_PREFIX_PATH=${CMAKE_PREFIX_PATH}:/home/dell/source_code/self-driving-car-ROS2/ros2_ws/install/utils:/home/dell/source_code/self-driving-car-ROS2/ros2_ws/install/self_driving_car:/opt/ros/jazzy DEBUGINFOD_URLS=https://debuginfod.ubuntu.com PS1=(venv) \[\e]0;\u@\h: \w\a\]${debian_chroot:+($debian_chroot)}\[\033[01;32m\]\u@\h\[\033[00m\]:\[\033[01;34m\]\w\[\033[00m\]\$ VIRTUAL_ENV_PROMPT=(venv) /usr/bin/cmake --install /home/dell/source_code/self-driving-car-ROS2/ros2_ws/build/ros2_numpy
