Built target ament_cmake_python_copy_ros2_numpy
running egg_info
writing ros2_numpy.egg-info/PKG-INFO
writing dependency_links to ros2_numpy.egg-info/dependency_links.txt
writing top-level names to ros2_numpy.egg-info/top_level.txt
reading manifest file 'ros2_numpy.egg-info/SOURCES.txt'
writing manifest file 'ros2_numpy.egg-info/SOURCES.txt'
Built target ament_cmake_python_build_ros2_numpy_egg
-- Install configuration: ""
-- Up-to-date: /home/dell/source_code/self-driving-car-ROS2/ros2_ws/install/ros2_numpy/share/ros2_numpy/environment/pythonpath.sh
-- Up-to-date: /home/dell/source_code/self-driving-car-ROS2/ros2_ws/install/ros2_numpy/share/ros2_numpy/environment/pythonpath.dsv
-- Up-to-date: /home/dell/source_code/self-driving-car-ROS2/ros2_ws/install/ros2_numpy/lib/python3.12/site-packages/ros2_numpy-2.0.12-py3.12.egg-info
-- Installing: /home/dell/source_code/self-driving-car-ROS2/ros2_ws/install/ros2_numpy/lib/python3.12/site-packages/ros2_numpy-2.0.12-py3.12.egg-info/PKG-INFO
-- Installing: /home/dell/source_code/self-driving-car-ROS2/ros2_ws/install/ros2_numpy/lib/python3.12/site-packages/ros2_numpy-2.0.12-py3.12.egg-info/SOURCES.txt
-- Installing: /home/dell/source_code/self-driving-car-ROS2/ros2_ws/install/ros2_numpy/lib/python3.12/site-packages/ros2_numpy-2.0.12-py3.12.egg-info/top_level.txt
-- Installing: /home/dell/source_code/self-driving-car-ROS2/ros2_ws/install/ros2_numpy/lib/python3.12/site-packages/ros2_numpy-2.0.12-py3.12.egg-info/dependency_links.txt
-- Up-to-date: /home/dell/source_code/self-driving-car-ROS2/ros2_ws/install/ros2_numpy/lib/python3.12/site-packages/ros2_numpy
-- Up-to-date: /home/dell/source_code/self-driving-car-ROS2/ros2_ws/install/ros2_numpy/lib/python3.12/site-packages/ros2_numpy/registry.py
-- Up-to-date: /home/dell/source_code/self-driving-car-ROS2/ros2_ws/install/ros2_numpy/lib/python3.12/site-packages/ros2_numpy/image.py
-- Up-to-date: /home/dell/source_code/self-driving-car-ROS2/ros2_ws/install/ros2_numpy/lib/python3.12/site-packages/ros2_numpy/laser_scan.py
-- Up-to-date: /home/dell/source_code/self-driving-car-ROS2/ros2_ws/install/ros2_numpy/lib/python3.12/site-packages/ros2_numpy/geometry.py
-- Up-to-date: /home/dell/source_code/self-driving-car-ROS2/ros2_ws/install/ros2_numpy/lib/python3.12/site-packages/ros2_numpy/__init__.py
-- Up-to-date: /home/dell/source_code/self-driving-car-ROS2/ros2_ws/install/ros2_numpy/lib/python3.12/site-packages/ros2_numpy/point_cloud2.py
-- Up-to-date: /home/dell/source_code/self-driving-car-ROS2/ros2_ws/install/ros2_numpy/lib/python3.12/site-packages/ros2_numpy/occupancy_grid.py
Listing '/home/dell/source_code/self-driving-car-ROS2/ros2_ws/install/ros2_numpy/lib/python3.12/site-packages/ros2_numpy'...
-- Up-to-date: /home/dell/source_code/self-driving-car-ROS2/ros2_ws/install/ros2_numpy/share/ament_index/resource_index/package_run_dependencies/ros2_numpy
-- Up-to-date: /home/dell/source_code/self-driving-car-ROS2/ros2_ws/install/ros2_numpy/share/ament_index/resource_index/parent_prefix_path/ros2_numpy
-- Up-to-date: /home/dell/source_code/self-driving-car-ROS2/ros2_ws/install/ros2_numpy/share/ros2_numpy/environment/ament_prefix_path.sh
-- Up-to-date: /home/dell/source_code/self-driving-car-ROS2/ros2_ws/install/ros2_numpy/share/ros2_numpy/environment/ament_prefix_path.dsv
-- Up-to-date: /home/dell/source_code/self-driving-car-ROS2/ros2_ws/install/ros2_numpy/share/ros2_numpy/environment/path.sh
-- Up-to-date: /home/dell/source_code/self-driving-car-ROS2/ros2_ws/install/ros2_numpy/share/ros2_numpy/environment/path.dsv
-- Up-to-date: /home/dell/source_code/self-driving-car-ROS2/ros2_ws/install/ros2_numpy/share/ros2_numpy/local_setup.bash
-- Up-to-date: /home/dell/source_code/self-driving-car-ROS2/ros2_ws/install/ros2_numpy/share/ros2_numpy/local_setup.sh
-- Up-to-date: /home/dell/source_code/self-driving-car-ROS2/ros2_ws/install/ros2_numpy/share/ros2_numpy/local_setup.zsh
-- Up-to-date: /home/dell/source_code/self-driving-car-ROS2/ros2_ws/install/ros2_numpy/share/ros2_numpy/local_setup.dsv
-- Up-to-date: /home/dell/source_code/self-driving-car-ROS2/ros2_ws/install/ros2_numpy/share/ros2_numpy/package.dsv
-- Up-to-date: /home/dell/source_code/self-driving-car-ROS2/ros2_ws/install/ros2_numpy/share/ament_index/resource_index/packages/ros2_numpy
-- Up-to-date: /home/dell/source_code/self-driving-car-ROS2/ros2_ws/install/ros2_numpy/share/ros2_numpy/cmake/ament_cmake_export_dependencies-extras.cmake
-- Up-to-date: /home/dell/source_code/self-driving-car-ROS2/ros2_ws/install/ros2_numpy/share/ros2_numpy/cmake/ros2_numpyConfig.cmake
-- Up-to-date: /home/dell/source_code/self-driving-car-ROS2/ros2_ws/install/ros2_numpy/share/ros2_numpy/cmake/ros2_numpyConfig-version.cmake
-- Up-to-date: /home/dell/source_code/self-driving-car-ROS2/ros2_ws/install/ros2_numpy/share/ros2_numpy/package.xml
