[0.015s] Invoking command in '/home/dell/source_code/self-driving-car-ROS2/ros2_ws/build/ros2_numpy': CMAKE_PREFIX_PATH=${CMAKE_PREFIX_PATH}:/home/dell/source_code/self-driving-car-ROS2/ros2_ws/install/utils:/home/dell/source_code/self-driving-car-ROS2/ros2_ws/install/self_driving_car:/opt/ros/jazzy DEBUGINFOD_URLS=https://debuginfod.ubuntu.com PS1=(venv) \[\e]0;\u@\h: \w\a\]${debian_chroot:+($debian_chroot)}\[\033[01;32m\]\u@\h\[\033[00m\]:\[\033[01;34m\]\w\[\033[00m\]\$ VIRTUAL_ENV_PROMPT=(venv) /usr/bin/cmake --build /home/dell/source_code/self-driving-car-ROS2/ros2_ws/build/ros2_numpy -- -j4 -l4
[0.098s] Built target ament_cmake_python_copy_ros2_numpy
[0.401s] running egg_info
[0.423s] writing ros2_numpy.egg-info/PKG-INFO
[0.424s] writing dependency_links to ros2_numpy.egg-info/dependency_links.txt
[0.424s] writing top-level names to ros2_numpy.egg-info/top_level.txt
[0.483s] reading manifest file 'ros2_numpy.egg-info/SOURCES.txt'
[0.484s] writing manifest file 'ros2_numpy.egg-info/SOURCES.txt'
[0.533s] Built target ament_cmake_python_build_ros2_numpy_egg
[0.549s] Invoked command in '/home/dell/source_code/self-driving-car-ROS2/ros2_ws/build/ros2_numpy' returned '0': CMAKE_PREFIX_PATH=${CMAKE_PREFIX_PATH}:/home/dell/source_code/self-driving-car-ROS2/ros2_ws/install/utils:/home/dell/source_code/self-driving-car-ROS2/ros2_ws/install/self_driving_car:/opt/ros/jazzy DEBUGINFOD_URLS=https://debuginfod.ubuntu.com PS1=(venv) \[\e]0;\u@\h: \w\a\]${debian_chroot:+($debian_chroot)}\[\033[01;32m\]\u@\h\[\033[00m\]:\[\033[01;34m\]\w\[\033[00m\]\$ VIRTUAL_ENV_PROMPT=(venv) /usr/bin/cmake --build /home/dell/source_code/self-driving-car-ROS2/ros2_ws/build/ros2_numpy -- -j4 -l4
[0.563s] Invoking command in '/home/dell/source_code/self-driving-car-ROS2/ros2_ws/build/ros2_numpy': CMAKE_PREFIX_PATH=${CMAKE_PREFIX_PATH}:/home/dell/source_code/self-driving-car-ROS2/ros2_ws/install/utils:/home/dell/source_code/self-driving-car-ROS2/ros2_ws/install/self_driving_car:/opt/ros/jazzy DEBUGINFOD_URLS=https://debuginfod.ubuntu.com PS1=(venv) \[\e]0;\u@\h: \w\a\]${debian_chroot:+($debian_chroot)}\[\033[01;32m\]\u@\h\[\033[00m\]:\[\033[01;34m\]\w\[\033[00m\]\$ VIRTUAL_ENV_PROMPT=(venv) /usr/bin/cmake --install /home/dell/source_code/self-driving-car-ROS2/ros2_ws/build/ros2_numpy
[0.573s] -- Install configuration: ""
[0.574s] -- Up-to-date: /home/dell/source_code/self-driving-car-ROS2/ros2_ws/install/ros2_numpy/share/ros2_numpy/environment/pythonpath.sh
[0.574s] -- Up-to-date: /home/dell/source_code/self-driving-car-ROS2/ros2_ws/install/ros2_numpy/share/ros2_numpy/environment/pythonpath.dsv
[0.575s] -- Up-to-date: /home/dell/source_code/self-driving-car-ROS2/ros2_ws/install/ros2_numpy/lib/python3.12/site-packages/ros2_numpy-2.0.12-py3.12.egg-info
[0.575s] -- Installing: /home/dell/source_code/self-driving-car-ROS2/ros2_ws/install/ros2_numpy/lib/python3.12/site-packages/ros2_numpy-2.0.12-py3.12.egg-info/PKG-INFO
[0.575s] -- Installing: /home/dell/source_code/self-driving-car-ROS2/ros2_ws/install/ros2_numpy/lib/python3.12/site-packages/ros2_numpy-2.0.12-py3.12.egg-info/SOURCES.txt
[0.576s] -- Installing: /home/dell/source_code/self-driving-car-ROS2/ros2_ws/install/ros2_numpy/lib/python3.12/site-packages/ros2_numpy-2.0.12-py3.12.egg-info/top_level.txt
[0.576s] -- Installing: /home/dell/source_code/self-driving-car-ROS2/ros2_ws/install/ros2_numpy/lib/python3.12/site-packages/ros2_numpy-2.0.12-py3.12.egg-info/dependency_links.txt
[0.576s] -- Up-to-date: /home/dell/source_code/self-driving-car-ROS2/ros2_ws/install/ros2_numpy/lib/python3.12/site-packages/ros2_numpy
[0.576s] -- Up-to-date: /home/dell/source_code/self-driving-car-ROS2/ros2_ws/install/ros2_numpy/lib/python3.12/site-packages/ros2_numpy/registry.py
[0.576s] -- Up-to-date: /home/dell/source_code/self-driving-car-ROS2/ros2_ws/install/ros2_numpy/lib/python3.12/site-packages/ros2_numpy/image.py
[0.576s] -- Up-to-date: /home/dell/source_code/self-driving-car-ROS2/ros2_ws/install/ros2_numpy/lib/python3.12/site-packages/ros2_numpy/laser_scan.py
[0.577s] -- Up-to-date: /home/dell/source_code/self-driving-car-ROS2/ros2_ws/install/ros2_numpy/lib/python3.12/site-packages/ros2_numpy/geometry.py
[0.577s] -- Up-to-date: /home/dell/source_code/self-driving-car-ROS2/ros2_ws/install/ros2_numpy/lib/python3.12/site-packages/ros2_numpy/__init__.py
[0.577s] -- Up-to-date: /home/dell/source_code/self-driving-car-ROS2/ros2_ws/install/ros2_numpy/lib/python3.12/site-packages/ros2_numpy/point_cloud2.py
[0.577s] -- Up-to-date: /home/dell/source_code/self-driving-car-ROS2/ros2_ws/install/ros2_numpy/lib/python3.12/site-packages/ros2_numpy/occupancy_grid.py
[0.630s] Listing '/home/dell/source_code/self-driving-car-ROS2/ros2_ws/install/ros2_numpy/lib/python3.12/site-packages/ros2_numpy'...
[0.639s] -- Up-to-date: /home/dell/source_code/self-driving-car-ROS2/ros2_ws/install/ros2_numpy/share/ament_index/resource_index/package_run_dependencies/ros2_numpy
[0.639s] -- Up-to-date: /home/dell/source_code/self-driving-car-ROS2/ros2_ws/install/ros2_numpy/share/ament_index/resource_index/parent_prefix_path/ros2_numpy
[0.640s] -- Up-to-date: /home/dell/source_code/self-driving-car-ROS2/ros2_ws/install/ros2_numpy/share/ros2_numpy/environment/ament_prefix_path.sh
[0.640s] -- Up-to-date: /home/dell/source_code/self-driving-car-ROS2/ros2_ws/install/ros2_numpy/share/ros2_numpy/environment/ament_prefix_path.dsv
[0.640s] -- Up-to-date: /home/dell/source_code/self-driving-car-ROS2/ros2_ws/install/ros2_numpy/share/ros2_numpy/environment/path.sh
[0.641s] -- Up-to-date: /home/dell/source_code/self-driving-car-ROS2/ros2_ws/install/ros2_numpy/share/ros2_numpy/environment/path.dsv
[0.641s] -- Up-to-date: /home/dell/source_code/self-driving-car-ROS2/ros2_ws/install/ros2_numpy/share/ros2_numpy/local_setup.bash
[0.641s] -- Up-to-date: /home/dell/source_code/self-driving-car-ROS2/ros2_ws/install/ros2_numpy/share/ros2_numpy/local_setup.sh
[0.641s] -- Up-to-date: /home/dell/source_code/self-driving-car-ROS2/ros2_ws/install/ros2_numpy/share/ros2_numpy/local_setup.zsh
[0.641s] -- Up-to-date: /home/dell/source_code/self-driving-car-ROS2/ros2_ws/install/ros2_numpy/share/ros2_numpy/local_setup.dsv
[0.642s] -- Up-to-date: /home/dell/source_code/self-driving-car-ROS2/ros2_ws/install/ros2_numpy/share/ros2_numpy/package.dsv
[0.642s] -- Up-to-date: /home/dell/source_code/self-driving-car-ROS2/ros2_ws/install/ros2_numpy/share/ament_index/resource_index/packages/ros2_numpy
[0.642s] -- Up-to-date: /home/dell/source_code/self-driving-car-ROS2/ros2_ws/install/ros2_numpy/share/ros2_numpy/cmake/ament_cmake_export_dependencies-extras.cmake
[0.642s] -- Up-to-date: /home/dell/source_code/self-driving-car-ROS2/ros2_ws/install/ros2_numpy/share/ros2_numpy/cmake/ros2_numpyConfig.cmake
[0.642s] -- Up-to-date: /home/dell/source_code/self-driving-car-ROS2/ros2_ws/install/ros2_numpy/share/ros2_numpy/cmake/ros2_numpyConfig-version.cmake
[0.643s] -- Up-to-date: /home/dell/source_code/self-driving-car-ROS2/ros2_ws/install/ros2_numpy/share/ros2_numpy/package.xml
[0.644s] Invoked command in '/home/dell/source_code/self-driving-car-ROS2/ros2_ws/build/ros2_numpy' returned '0': CMAKE_PREFIX_PATH=${CMAKE_PREFIX_PATH}:/home/dell/source_code/self-driving-car-ROS2/ros2_ws/install/utils:/home/dell/source_code/self-driving-car-ROS2/ros2_ws/install/self_driving_car:/opt/ros/jazzy DEBUGINFOD_URLS=https://debuginfod.ubuntu.com PS1=(venv) \[\e]0;\u@\h: \w\a\]${debian_chroot:+($debian_chroot)}\[\033[01;32m\]\u@\h\[\033[00m\]:\[\033[01;34m\]\w\[\033[00m\]\$ VIRTUAL_ENV_PROMPT=(venv) /usr/bin/cmake --install /home/dell/source_code/self-driving-car-ROS2/ros2_ws/build/ros2_numpy
