[0.171s] DEBUG:colcon:Command line arguments: ['/usr/bin/colcon', 'build']
[0.171s] DEBUG:colcon:Parsed command line arguments: Namespace(log_base=None, log_level=None, verb_name='build', build_base='build', install_base='install', merge_install=False, symlink_install=False, test_result_base=None, continue_on_error=False, executor='parallel', parallel_workers=4, event_handlers=None, ignore_user_meta=False, metas=['./colcon.meta'], base_paths=['.'], packages_ignore=None, packages_ignore_regex=None, paths=None, packages_up_to=None, packages_up_to_regex=None, packages_above=None, packages_above_and_dependencies=None, packages_above_depth=None, packages_select_by_dep=None, packages_skip_by_dep=None, packages_skip_up_to=None, packages_select_build_failed=False, packages_skip_build_finished=False, packages_select_test_failures=False, packages_skip_test_passed=False, packages_select=None, packages_skip=None, packages_select_regex=None, packages_skip_regex=None, packages_start=None, packages_end=None, allow_overriding=[], cmake_args=None, cmake_target=None, cmake_target_skip_unavailable=False, cmake_clean_cache=False, cmake_clean_first=False, cmake_force_configure=False, ament_cmake_args=None, catkin_cmake_args=None, catkin_skip_building_tests=False, mixin_files=None, mixin=None, verb_parser=<colcon_mixin.mixin.mixin_argument.MixinArgumentDecorator object at 0x724a14c97cb0>, verb_extension=<colcon_core.verb.build.BuildVerb object at 0x724a14db3b60>, main=<bound method BuildVerb.main of <colcon_core.verb.build.BuildVerb object at 0x724a14db3b60>>, mixin_verb=('build',))
[0.228s] Level 1:colcon.colcon_core.package_discovery:discover_packages(colcon_meta) check parameters
[0.228s] Level 1:colcon.colcon_core.package_discovery:discover_packages(recursive) check parameters
[0.228s] Level 1:colcon.colcon_core.package_discovery:discover_packages(ignore) check parameters
[0.228s] Level 1:colcon.colcon_core.package_discovery:discover_packages(path) check parameters
[0.229s] Level 1:colcon.colcon_core.package_discovery:discover_packages(colcon_meta) discover
[0.229s] Level 1:colcon.colcon_core.package_discovery:discover_packages(recursive) discover
[0.229s] INFO:colcon.colcon_core.package_discovery:Crawling recursively for packages in '/home/dell/source_code/self-driving-car-ROS2/ros2_ws'
[0.229s] Level 1:colcon.colcon_core.package_identification:_identify(.) by extensions ['ignore', 'ignore_ament_install']
[0.229s] Level 1:colcon.colcon_core.package_identification:_identify(.) by extension 'ignore'
[0.229s] Level 1:colcon.colcon_core.package_identification:_identify(.) by extension 'ignore_ament_install'
[0.229s] Level 1:colcon.colcon_core.package_identification:_identify(.) by extensions ['colcon_pkg']
[0.229s] Level 1:colcon.colcon_core.package_identification:_identify(.) by extension 'colcon_pkg'
[0.229s] Level 1:colcon.colcon_core.package_identification:_identify(.) by extensions ['colcon_meta']
[0.229s] Level 1:colcon.colcon_core.package_identification:_identify(.) by extension 'colcon_meta'
[0.230s] Level 1:colcon.colcon_core.package_identification:_identify(.) by extensions ['ros']
[0.230s] Level 1:colcon.colcon_core.package_identification:_identify(.) by extension 'ros'
[0.267s] Level 1:colcon.colcon_core.package_identification:_identify(.) by extensions ['cmake', 'python']
[0.267s] Level 1:colcon.colcon_core.package_identification:_identify(.) by extension 'cmake'
[0.268s] Level 1:colcon.colcon_core.package_identification:_identify(.) by extension 'python'
[0.268s] Level 1:colcon.colcon_core.package_identification:_identify(.) by extensions ['python_setup_py']
[0.268s] Level 1:colcon.colcon_core.package_identification:_identify(.) by extension 'python_setup_py'
[0.268s] Level 1:colcon.colcon_core.package_identification:_identify(build) by extensions ['ignore', 'ignore_ament_install']
[0.268s] Level 1:colcon.colcon_core.package_identification:_identify(build) by extension 'ignore'
[0.268s] Level 1:colcon.colcon_core.package_identification:_identify(build) ignored
[0.268s] Level 1:colcon.colcon_core.package_identification:_identify(install) by extensions ['ignore', 'ignore_ament_install']
[0.268s] Level 1:colcon.colcon_core.package_identification:_identify(install) by extension 'ignore'
[0.268s] Level 1:colcon.colcon_core.package_identification:_identify(install) ignored
[0.269s] Level 1:colcon.colcon_core.package_identification:_identify(log) by extensions ['ignore', 'ignore_ament_install']
[0.269s] Level 1:colcon.colcon_core.package_identification:_identify(log) by extension 'ignore'
[0.269s] Level 1:colcon.colcon_core.package_identification:_identify(log) ignored
[0.269s] Level 1:colcon.colcon_core.package_identification:_identify(src) by extensions ['ignore', 'ignore_ament_install']
[0.269s] Level 1:colcon.colcon_core.package_identification:_identify(src) by extension 'ignore'
[0.269s] Level 1:colcon.colcon_core.package_identification:_identify(src) by extension 'ignore_ament_install'
[0.269s] Level 1:colcon.colcon_core.package_identification:_identify(src) by extensions ['colcon_pkg']
[0.269s] Level 1:colcon.colcon_core.package_identification:_identify(src) by extension 'colcon_pkg'
[0.269s] Level 1:colcon.colcon_core.package_identification:_identify(src) by extensions ['colcon_meta']
[0.269s] Level 1:colcon.colcon_core.package_identification:_identify(src) by extension 'colcon_meta'
[0.269s] Level 1:colcon.colcon_core.package_identification:_identify(src) by extensions ['ros']
[0.269s] Level 1:colcon.colcon_core.package_identification:_identify(src) by extension 'ros'
[0.269s] Level 1:colcon.colcon_core.package_identification:_identify(src) by extensions ['cmake', 'python']
[0.270s] Level 1:colcon.colcon_core.package_identification:_identify(src) by extension 'cmake'
[0.270s] Level 1:colcon.colcon_core.package_identification:_identify(src) by extension 'python'
[0.270s] Level 1:colcon.colcon_core.package_identification:_identify(src) by extensions ['python_setup_py']
[0.270s] Level 1:colcon.colcon_core.package_identification:_identify(src) by extension 'python_setup_py'
[0.270s] Level 1:colcon.colcon_core.package_identification:_identify(src/ros2_numpy) by extensions ['ignore', 'ignore_ament_install']
[0.270s] Level 1:colcon.colcon_core.package_identification:_identify(src/ros2_numpy) by extension 'ignore'
[0.270s] Level 1:colcon.colcon_core.package_identification:_identify(src/ros2_numpy) by extension 'ignore_ament_install'
[0.270s] Level 1:colcon.colcon_core.package_identification:_identify(src/ros2_numpy) by extensions ['colcon_pkg']
[0.270s] Level 1:colcon.colcon_core.package_identification:_identify(src/ros2_numpy) by extension 'colcon_pkg'
[0.270s] Level 1:colcon.colcon_core.package_identification:_identify(src/ros2_numpy) by extensions ['colcon_meta']
[0.270s] Level 1:colcon.colcon_core.package_identification:_identify(src/ros2_numpy) by extension 'colcon_meta'
[0.270s] Level 1:colcon.colcon_core.package_identification:_identify(src/ros2_numpy) by extensions ['ros']
[0.270s] Level 1:colcon.colcon_core.package_identification:_identify(src/ros2_numpy) by extension 'ros'
[0.274s] DEBUG:colcon.colcon_core.package_identification:Package 'src/ros2_numpy' with type 'ros.ament_cmake' and name 'ros2_numpy'
[0.274s] Level 1:colcon.colcon_core.package_identification:_identify(src/self_driving_car) by extensions ['ignore', 'ignore_ament_install']
[0.274s] Level 1:colcon.colcon_core.package_identification:_identify(src/self_driving_car) by extension 'ignore'
[0.275s] Level 1:colcon.colcon_core.package_identification:_identify(src/self_driving_car) by extension 'ignore_ament_install'
[0.275s] Level 1:colcon.colcon_core.package_identification:_identify(src/self_driving_car) by extensions ['colcon_pkg']
[0.275s] Level 1:colcon.colcon_core.package_identification:_identify(src/self_driving_car) by extension 'colcon_pkg'
[0.275s] Level 1:colcon.colcon_core.package_identification:_identify(src/self_driving_car) by extensions ['colcon_meta']
[0.275s] Level 1:colcon.colcon_core.package_identification:_identify(src/self_driving_car) by extension 'colcon_meta'
[0.275s] Level 1:colcon.colcon_core.package_identification:_identify(src/self_driving_car) by extensions ['ros']
[0.275s] Level 1:colcon.colcon_core.package_identification:_identify(src/self_driving_car) by extension 'ros'
[0.276s] DEBUG:colcon.colcon_core.package_identification:Package 'src/self_driving_car' with type 'ros.ament_python' and name 'self_driving_car'
[0.276s] Level 1:colcon.colcon_core.package_identification:_identify(src/utils) by extensions ['ignore', 'ignore_ament_install']
[0.276s] Level 1:colcon.colcon_core.package_identification:_identify(src/utils) by extension 'ignore'
[0.276s] Level 1:colcon.colcon_core.package_identification:_identify(src/utils) by extension 'ignore_ament_install'
[0.277s] Level 1:colcon.colcon_core.package_identification:_identify(src/utils) by extensions ['colcon_pkg']
[0.277s] Level 1:colcon.colcon_core.package_identification:_identify(src/utils) by extension 'colcon_pkg'
[0.277s] Level 1:colcon.colcon_core.package_identification:_identify(src/utils) by extensions ['colcon_meta']
[0.277s] Level 1:colcon.colcon_core.package_identification:_identify(src/utils) by extension 'colcon_meta'
[0.277s] Level 1:colcon.colcon_core.package_identification:_identify(src/utils) by extensions ['ros']
[0.277s] Level 1:colcon.colcon_core.package_identification:_identify(src/utils) by extension 'ros'
[0.278s] DEBUG:colcon.colcon_core.package_identification:Package 'src/utils' with type 'ros.ament_python' and name 'utils'
[0.278s] Level 1:colcon.colcon_core.package_discovery:discover_packages(recursive) using defaults
[0.278s] Level 1:colcon.colcon_core.package_discovery:discover_packages(ignore) discover
[0.278s] Level 1:colcon.colcon_core.package_discovery:discover_packages(ignore) using defaults
[0.278s] Level 1:colcon.colcon_core.package_discovery:discover_packages(path) discover
[0.278s] Level 1:colcon.colcon_core.package_discovery:discover_packages(path) using defaults
[0.305s] Level 1:colcon.colcon_core.package_discovery:discover_packages(prefix_path) check parameters
[0.305s] Level 1:colcon.colcon_core.package_discovery:discover_packages(prefix_path) discover
[0.308s] DEBUG:colcon.colcon_installed_package_information.package_discovery:Found 3 installed packages in /home/dell/source_code/self-driving-car-ROS2/ros2_ws/install
[0.310s] DEBUG:colcon.colcon_installed_package_information.package_discovery:Found 329 installed packages in /opt/ros/jazzy
[0.312s] Level 1:colcon.colcon_core.package_discovery:discover_packages(prefix_path) using defaults
[0.388s] Level 5:colcon.colcon_core.verb:set package 'ros2_numpy' build argument 'cmake_args' from command line to 'None'
[0.389s] Level 5:colcon.colcon_core.verb:set package 'ros2_numpy' build argument 'cmake_target' from command line to 'None'
[0.389s] Level 5:colcon.colcon_core.verb:set package 'ros2_numpy' build argument 'cmake_target_skip_unavailable' from command line to 'False'
[0.389s] Level 5:colcon.colcon_core.verb:set package 'ros2_numpy' build argument 'cmake_clean_cache' from command line to 'False'
[0.389s] Level 5:colcon.colcon_core.verb:set package 'ros2_numpy' build argument 'cmake_clean_first' from command line to 'False'
[0.389s] Level 5:colcon.colcon_core.verb:set package 'ros2_numpy' build argument 'cmake_force_configure' from command line to 'False'
[0.389s] Level 5:colcon.colcon_core.verb:set package 'ros2_numpy' build argument 'ament_cmake_args' from command line to 'None'
[0.389s] Level 5:colcon.colcon_core.verb:set package 'ros2_numpy' build argument 'catkin_cmake_args' from command line to 'None'
[0.389s] Level 5:colcon.colcon_core.verb:set package 'ros2_numpy' build argument 'catkin_skip_building_tests' from command line to 'False'
[0.389s] DEBUG:colcon.colcon_core.verb:Building package 'ros2_numpy' with the following arguments: {'ament_cmake_args': None, 'build_base': '/home/dell/source_code/self-driving-car-ROS2/ros2_ws/build/ros2_numpy', 'catkin_cmake_args': None, 'catkin_skip_building_tests': False, 'cmake_args': None, 'cmake_clean_cache': False, 'cmake_clean_first': False, 'cmake_force_configure': False, 'cmake_target': None, 'cmake_target_skip_unavailable': False, 'install_base': '/home/dell/source_code/self-driving-car-ROS2/ros2_ws/install/ros2_numpy', 'merge_install': False, 'path': '/home/dell/source_code/self-driving-car-ROS2/ros2_ws/src/ros2_numpy', 'symlink_install': False, 'test_result_base': None}
[0.389s] Level 5:colcon.colcon_core.verb:set package 'self_driving_car' build argument 'cmake_args' from command line to 'None'
[0.389s] Level 5:colcon.colcon_core.verb:set package 'self_driving_car' build argument 'cmake_target' from command line to 'None'
[0.389s] Level 5:colcon.colcon_core.verb:set package 'self_driving_car' build argument 'cmake_target_skip_unavailable' from command line to 'False'
[0.389s] Level 5:colcon.colcon_core.verb:set package 'self_driving_car' build argument 'cmake_clean_cache' from command line to 'False'
[0.390s] Level 5:colcon.colcon_core.verb:set package 'self_driving_car' build argument 'cmake_clean_first' from command line to 'False'
[0.390s] Level 5:colcon.colcon_core.verb:set package 'self_driving_car' build argument 'cmake_force_configure' from command line to 'False'
[0.390s] Level 5:colcon.colcon_core.verb:set package 'self_driving_car' build argument 'ament_cmake_args' from command line to 'None'
[0.390s] Level 5:colcon.colcon_core.verb:set package 'self_driving_car' build argument 'catkin_cmake_args' from command line to 'None'
[0.390s] Level 5:colcon.colcon_core.verb:set package 'self_driving_car' build argument 'catkin_skip_building_tests' from command line to 'False'
[0.390s] DEBUG:colcon.colcon_core.verb:Building package 'self_driving_car' with the following arguments: {'ament_cmake_args': None, 'build_base': '/home/dell/source_code/self-driving-car-ROS2/ros2_ws/build/self_driving_car', 'catkin_cmake_args': None, 'catkin_skip_building_tests': False, 'cmake_args': None, 'cmake_clean_cache': False, 'cmake_clean_first': False, 'cmake_force_configure': False, 'cmake_target': None, 'cmake_target_skip_unavailable': False, 'install_base': '/home/dell/source_code/self-driving-car-ROS2/ros2_ws/install/self_driving_car', 'merge_install': False, 'path': '/home/dell/source_code/self-driving-car-ROS2/ros2_ws/src/self_driving_car', 'symlink_install': False, 'test_result_base': None}
[0.390s] Level 5:colcon.colcon_core.verb:set package 'utils' build argument 'cmake_args' from command line to 'None'
[0.390s] Level 5:colcon.colcon_core.verb:set package 'utils' build argument 'cmake_target' from command line to 'None'
[0.390s] Level 5:colcon.colcon_core.verb:set package 'utils' build argument 'cmake_target_skip_unavailable' from command line to 'False'
[0.390s] Level 5:colcon.colcon_core.verb:set package 'utils' build argument 'cmake_clean_cache' from command line to 'False'
[0.390s] Level 5:colcon.colcon_core.verb:set package 'utils' build argument 'cmake_clean_first' from command line to 'False'
[0.390s] Level 5:colcon.colcon_core.verb:set package 'utils' build argument 'cmake_force_configure' from command line to 'False'
[0.390s] Level 5:colcon.colcon_core.verb:set package 'utils' build argument 'ament_cmake_args' from command line to 'None'
[0.390s] Level 5:colcon.colcon_core.verb:set package 'utils' build argument 'catkin_cmake_args' from command line to 'None'
[0.390s] Level 5:colcon.colcon_core.verb:set package 'utils' build argument 'catkin_skip_building_tests' from command line to 'False'
[0.390s] DEBUG:colcon.colcon_core.verb:Building package 'utils' with the following arguments: {'ament_cmake_args': None, 'build_base': '/home/dell/source_code/self-driving-car-ROS2/ros2_ws/build/utils', 'catkin_cmake_args': None, 'catkin_skip_building_tests': False, 'cmake_args': None, 'cmake_clean_cache': False, 'cmake_clean_first': False, 'cmake_force_configure': False, 'cmake_target': None, 'cmake_target_skip_unavailable': False, 'install_base': '/home/dell/source_code/self-driving-car-ROS2/ros2_ws/install/utils', 'merge_install': False, 'path': '/home/dell/source_code/self-driving-car-ROS2/ros2_ws/src/utils', 'symlink_install': False, 'test_result_base': None}
[0.391s] INFO:colcon.colcon_core.executor:Executing jobs using 'parallel' executor
[0.392s] DEBUG:colcon.colcon_parallel_executor.executor.parallel:run_until_complete
[0.392s] INFO:colcon.colcon_ros.task.ament_cmake.build:Building ROS package in '/home/dell/source_code/self-driving-car-ROS2/ros2_ws/src/ros2_numpy' with build type 'ament_cmake'
[0.392s] INFO:colcon.colcon_cmake.task.cmake.build:Building CMake package in '/home/dell/source_code/self-driving-car-ROS2/ros2_ws/src/ros2_numpy'
[0.396s] INFO:colcon.colcon_core.plugin_system:Skipping extension 'colcon_core.shell.bat': Not used on non-Windows systems
[0.396s] INFO:colcon.colcon_core.shell:Skip shell extension 'powershell' for command environment: Not usable outside of PowerShell
[0.396s] DEBUG:colcon.colcon_core.shell:Skip shell extension 'dsv' for command environment
[0.408s] DEBUG:colcon.colcon_core.event_handler.log_command:Invoking command in '/home/dell/source_code/self-driving-car-ROS2/ros2_ws/build/ros2_numpy': CMAKE_PREFIX_PATH=${CMAKE_PREFIX_PATH}:/home/dell/source_code/self-driving-car-ROS2/ros2_ws/install/utils:/home/dell/source_code/self-driving-car-ROS2/ros2_ws/install/self_driving_car:/opt/ros/jazzy DEBUGINFOD_URLS=https://debuginfod.ubuntu.com PS1=(venv) \[\e]0;\u@\h: \w\a\]${debian_chroot:+($debian_chroot)}\[\033[01;32m\]\u@\h\[\033[00m\]:\[\033[01;34m\]\w\[\033[00m\]\$ VIRTUAL_ENV_PROMPT=(venv) /usr/bin/cmake --build /home/dell/source_code/self-driving-car-ROS2/ros2_ws/build/ros2_numpy -- -j4 -l4
[0.942s] DEBUG:colcon.colcon_core.event_handler.log_command:Invoked command in '/home/dell/source_code/self-driving-car-ROS2/ros2_ws/build/ros2_numpy' returned '0': CMAKE_PREFIX_PATH=${CMAKE_PREFIX_PATH}:/home/dell/source_code/self-driving-car-ROS2/ros2_ws/install/utils:/home/dell/source_code/self-driving-car-ROS2/ros2_ws/install/self_driving_car:/opt/ros/jazzy DEBUGINFOD_URLS=https://debuginfod.ubuntu.com PS1=(venv) \[\e]0;\u@\h: \w\a\]${debian_chroot:+($debian_chroot)}\[\033[01;32m\]\u@\h\[\033[00m\]:\[\033[01;34m\]\w\[\033[00m\]\$ VIRTUAL_ENV_PROMPT=(venv) /usr/bin/cmake --build /home/dell/source_code/self-driving-car-ROS2/ros2_ws/build/ros2_numpy -- -j4 -l4
[0.956s] DEBUG:colcon.colcon_core.event_handler.log_command:Invoking command in '/home/dell/source_code/self-driving-car-ROS2/ros2_ws/build/ros2_numpy': CMAKE_PREFIX_PATH=${CMAKE_PREFIX_PATH}:/home/dell/source_code/self-driving-car-ROS2/ros2_ws/install/utils:/home/dell/source_code/self-driving-car-ROS2/ros2_ws/install/self_driving_car:/opt/ros/jazzy DEBUGINFOD_URLS=https://debuginfod.ubuntu.com PS1=(venv) \[\e]0;\u@\h: \w\a\]${debian_chroot:+($debian_chroot)}\[\033[01;32m\]\u@\h\[\033[00m\]:\[\033[01;34m\]\w\[\033[00m\]\$ VIRTUAL_ENV_PROMPT=(venv) /usr/bin/cmake --install /home/dell/source_code/self-driving-car-ROS2/ros2_ws/build/ros2_numpy
[1.037s] Level 1:colcon.colcon_core.environment:create_environment_scripts_only(ros2_numpy)
[1.037s] DEBUG:colcon.colcon_core.event_handler.log_command:Invoked command in '/home/dell/source_code/self-driving-car-ROS2/ros2_ws/build/ros2_numpy' returned '0': CMAKE_PREFIX_PATH=${CMAKE_PREFIX_PATH}:/home/dell/source_code/self-driving-car-ROS2/ros2_ws/install/utils:/home/dell/source_code/self-driving-car-ROS2/ros2_ws/install/self_driving_car:/opt/ros/jazzy DEBUGINFOD_URLS=https://debuginfod.ubuntu.com PS1=(venv) \[\e]0;\u@\h: \w\a\]${debian_chroot:+($debian_chroot)}\[\033[01;32m\]\u@\h\[\033[00m\]:\[\033[01;34m\]\w\[\033[00m\]\$ VIRTUAL_ENV_PROMPT=(venv) /usr/bin/cmake --install /home/dell/source_code/self-driving-car-ROS2/ros2_ws/build/ros2_numpy
[1.041s] Level 1:colcon.colcon_core.environment:checking '/home/dell/source_code/self-driving-car-ROS2/ros2_ws/install/ros2_numpy' for CMake module files
[1.042s] Level 1:colcon.colcon_core.environment:checking '/home/dell/source_code/self-driving-car-ROS2/ros2_ws/install/ros2_numpy' for CMake config files
[1.042s] Level 1:colcon.colcon_core.shell:create_environment_hook('ros2_numpy', 'cmake_prefix_path')
[1.042s] INFO:colcon.colcon_core.shell:Creating environment hook '/home/dell/source_code/self-driving-car-ROS2/ros2_ws/install/ros2_numpy/share/ros2_numpy/hook/cmake_prefix_path.ps1'
[1.043s] INFO:colcon.colcon_core.shell:Creating environment descriptor '/home/dell/source_code/self-driving-car-ROS2/ros2_ws/install/ros2_numpy/share/ros2_numpy/hook/cmake_prefix_path.dsv'
[1.044s] INFO:colcon.colcon_core.shell:Creating environment hook '/home/dell/source_code/self-driving-car-ROS2/ros2_ws/install/ros2_numpy/share/ros2_numpy/hook/cmake_prefix_path.sh'
[1.046s] Level 1:colcon.colcon_core.environment:checking '/home/dell/source_code/self-driving-car-ROS2/ros2_ws/install/ros2_numpy/lib'
[1.046s] Level 1:colcon.colcon_core.environment:checking '/home/dell/source_code/self-driving-car-ROS2/ros2_ws/install/ros2_numpy/bin'
[1.046s] Level 1:colcon.colcon_core.environment:checking '/home/dell/source_code/self-driving-car-ROS2/ros2_ws/install/ros2_numpy/lib/pkgconfig/ros2_numpy.pc'
[1.046s] Level 1:colcon.colcon_core.environment:checking '/home/dell/source_code/self-driving-car-ROS2/ros2_ws/install/ros2_numpy/lib/python3.12/site-packages'
[1.047s] Level 1:colcon.colcon_core.shell:create_environment_hook('ros2_numpy', 'pythonpath')
[1.047s] INFO:colcon.colcon_core.shell:Creating environment hook '/home/dell/source_code/self-driving-car-ROS2/ros2_ws/install/ros2_numpy/share/ros2_numpy/hook/pythonpath.ps1'
[1.048s] INFO:colcon.colcon_core.shell:Creating environment descriptor '/home/dell/source_code/self-driving-car-ROS2/ros2_ws/install/ros2_numpy/share/ros2_numpy/hook/pythonpath.dsv'
[1.048s] INFO:colcon.colcon_core.shell:Creating environment hook '/home/dell/source_code/self-driving-car-ROS2/ros2_ws/install/ros2_numpy/share/ros2_numpy/hook/pythonpath.sh'
[1.049s] Level 1:colcon.colcon_core.environment:checking '/home/dell/source_code/self-driving-car-ROS2/ros2_ws/install/ros2_numpy/bin'
[1.050s] INFO:colcon.colcon_core.shell:Creating package script '/home/dell/source_code/self-driving-car-ROS2/ros2_ws/install/ros2_numpy/share/ros2_numpy/package.ps1'
[1.051s] INFO:colcon.colcon_core.shell:Creating package descriptor '/home/dell/source_code/self-driving-car-ROS2/ros2_ws/install/ros2_numpy/share/ros2_numpy/package.dsv'
[1.052s] INFO:colcon.colcon_core.shell:Creating package script '/home/dell/source_code/self-driving-car-ROS2/ros2_ws/install/ros2_numpy/share/ros2_numpy/package.sh'
[1.053s] INFO:colcon.colcon_core.shell:Creating package script '/home/dell/source_code/self-driving-car-ROS2/ros2_ws/install/ros2_numpy/share/ros2_numpy/package.bash'
[1.054s] INFO:colcon.colcon_core.shell:Creating package script '/home/dell/source_code/self-driving-car-ROS2/ros2_ws/install/ros2_numpy/share/ros2_numpy/package.zsh'
[1.055s] Level 1:colcon.colcon_core.environment:create_file_with_runtime_dependencies(/home/dell/source_code/self-driving-car-ROS2/ros2_ws/install/ros2_numpy/share/colcon-core/packages/ros2_numpy)
[1.056s] Level 1:colcon.colcon_core.environment:create_environment_scripts_only(ros2_numpy)
[1.056s] Level 1:colcon.colcon_core.environment:checking '/home/dell/source_code/self-driving-car-ROS2/ros2_ws/install/ros2_numpy' for CMake module files
[1.057s] Level 1:colcon.colcon_core.environment:checking '/home/dell/source_code/self-driving-car-ROS2/ros2_ws/install/ros2_numpy' for CMake config files
[1.058s] Level 1:colcon.colcon_core.shell:create_environment_hook('ros2_numpy', 'cmake_prefix_path')
[1.058s] INFO:colcon.colcon_core.shell:Creating environment hook '/home/dell/source_code/self-driving-car-ROS2/ros2_ws/install/ros2_numpy/share/ros2_numpy/hook/cmake_prefix_path.ps1'
[1.058s] INFO:colcon.colcon_core.shell:Creating environment descriptor '/home/dell/source_code/self-driving-car-ROS2/ros2_ws/install/ros2_numpy/share/ros2_numpy/hook/cmake_prefix_path.dsv'
[1.059s] INFO:colcon.colcon_core.shell:Creating environment hook '/home/dell/source_code/self-driving-car-ROS2/ros2_ws/install/ros2_numpy/share/ros2_numpy/hook/cmake_prefix_path.sh'
[1.060s] Level 1:colcon.colcon_core.environment:checking '/home/dell/source_code/self-driving-car-ROS2/ros2_ws/install/ros2_numpy/lib'
[1.060s] Level 1:colcon.colcon_core.environment:checking '/home/dell/source_code/self-driving-car-ROS2/ros2_ws/install/ros2_numpy/bin'
[1.060s] Level 1:colcon.colcon_core.environment:checking '/home/dell/source_code/self-driving-car-ROS2/ros2_ws/install/ros2_numpy/lib/pkgconfig/ros2_numpy.pc'
[1.061s] Level 1:colcon.colcon_core.environment:checking '/home/dell/source_code/self-driving-car-ROS2/ros2_ws/install/ros2_numpy/lib/python3.12/site-packages'
[1.061s] Level 1:colcon.colcon_core.shell:create_environment_hook('ros2_numpy', 'pythonpath')
[1.062s] INFO:colcon.colcon_core.shell:Creating environment hook '/home/dell/source_code/self-driving-car-ROS2/ros2_ws/install/ros2_numpy/share/ros2_numpy/hook/pythonpath.ps1'
[1.063s] INFO:colcon.colcon_core.shell:Creating environment descriptor '/home/dell/source_code/self-driving-car-ROS2/ros2_ws/install/ros2_numpy/share/ros2_numpy/hook/pythonpath.dsv'
[1.064s] INFO:colcon.colcon_core.shell:Creating environment hook '/home/dell/source_code/self-driving-car-ROS2/ros2_ws/install/ros2_numpy/share/ros2_numpy/hook/pythonpath.sh'
[1.066s] Level 1:colcon.colcon_core.environment:checking '/home/dell/source_code/self-driving-car-ROS2/ros2_ws/install/ros2_numpy/bin'
[1.066s] INFO:colcon.colcon_core.shell:Creating package script '/home/dell/source_code/self-driving-car-ROS2/ros2_ws/install/ros2_numpy/share/ros2_numpy/package.ps1'
[1.068s] INFO:colcon.colcon_core.shell:Creating package descriptor '/home/dell/source_code/self-driving-car-ROS2/ros2_ws/install/ros2_numpy/share/ros2_numpy/package.dsv'
[1.069s] INFO:colcon.colcon_core.shell:Creating package script '/home/dell/source_code/self-driving-car-ROS2/ros2_ws/install/ros2_numpy/share/ros2_numpy/package.sh'
[1.070s] INFO:colcon.colcon_core.shell:Creating package script '/home/dell/source_code/self-driving-car-ROS2/ros2_ws/install/ros2_numpy/share/ros2_numpy/package.bash'
[1.071s] INFO:colcon.colcon_core.shell:Creating package script '/home/dell/source_code/self-driving-car-ROS2/ros2_ws/install/ros2_numpy/share/ros2_numpy/package.zsh'
[1.072s] Level 1:colcon.colcon_core.environment:create_file_with_runtime_dependencies(/home/dell/source_code/self-driving-car-ROS2/ros2_ws/install/ros2_numpy/share/colcon-core/packages/ros2_numpy)
[1.073s] INFO:colcon.colcon_ros.task.ament_python.build:Building ROS package in '/home/dell/source_code/self-driving-car-ROS2/ros2_ws/src/self_driving_car' with build type 'ament_python'
[1.073s] Level 1:colcon.colcon_core.shell:create_environment_hook('self_driving_car', 'ament_prefix_path')
[1.074s] INFO:colcon.colcon_core.shell:Creating environment hook '/home/dell/source_code/self-driving-car-ROS2/ros2_ws/install/self_driving_car/share/self_driving_car/hook/ament_prefix_path.ps1'
[1.075s] INFO:colcon.colcon_core.shell:Creating environment descriptor '/home/dell/source_code/self-driving-car-ROS2/ros2_ws/install/self_driving_car/share/self_driving_car/hook/ament_prefix_path.dsv'
[1.076s] INFO:colcon.colcon_core.shell:Creating environment hook '/home/dell/source_code/self-driving-car-ROS2/ros2_ws/install/self_driving_car/share/self_driving_car/hook/ament_prefix_path.sh'
[1.078s] INFO:colcon.colcon_core.shell:Skip shell extension 'powershell' for command environment: Not usable outside of PowerShell
[1.078s] DEBUG:colcon.colcon_core.shell:Skip shell extension 'dsv' for command environment
[1.085s] INFO:colcon.colcon_ros.task.ament_python.build:Building ROS package in '/home/dell/source_code/self-driving-car-ROS2/ros2_ws/src/utils' with build type 'ament_python'
[1.086s] Level 1:colcon.colcon_core.shell:create_environment_hook('utils', 'ament_prefix_path')
[1.086s] INFO:colcon.colcon_core.shell:Creating environment hook '/home/dell/source_code/self-driving-car-ROS2/ros2_ws/install/utils/share/utils/hook/ament_prefix_path.ps1'
[1.087s] INFO:colcon.colcon_core.shell:Creating environment descriptor '/home/dell/source_code/self-driving-car-ROS2/ros2_ws/install/utils/share/utils/hook/ament_prefix_path.dsv'
[1.088s] INFO:colcon.colcon_core.shell:Creating environment hook '/home/dell/source_code/self-driving-car-ROS2/ros2_ws/install/utils/share/utils/hook/ament_prefix_path.sh'
[1.090s] INFO:colcon.colcon_core.shell:Skip shell extension 'powershell' for command environment: Not usable outside of PowerShell
[1.091s] DEBUG:colcon.colcon_core.shell:Skip shell extension 'dsv' for command environment
[1.460s] INFO:colcon.colcon_core.task.python.build:Building Python package in '/home/dell/source_code/self-driving-car-ROS2/ros2_ws/src/self_driving_car'
[1.461s] INFO:colcon.colcon_core.shell:Skip shell extension 'powershell' for command environment: Not usable outside of PowerShell
[1.461s] DEBUG:colcon.colcon_core.shell:Skip shell extension 'dsv' for command environment
[1.817s] INFO:colcon.colcon_core.task.python.build:Building Python package in '/home/dell/source_code/self-driving-car-ROS2/ros2_ws/src/utils'
[1.818s] INFO:colcon.colcon_core.shell:Skip shell extension 'powershell' for command environment: Not usable outside of PowerShell
[1.818s] DEBUG:colcon.colcon_core.shell:Skip shell extension 'dsv' for command environment
[2.957s] DEBUG:colcon.colcon_core.event_handler.log_command:Invoking command in '/home/dell/source_code/self-driving-car-ROS2/ros2_ws/src/utils': DEBUGINFOD_URLS=https://debuginfod.ubuntu.com PS1=(venv) \[\e]0;\u@\h: \w\a\]${debian_chroot:+($debian_chroot)}\[\033[01;32m\]\u@\h\[\033[00m\]:\[\033[01;34m\]\w\[\033[00m\]\$ PYTHONPATH=/home/dell/source_code/self-driving-car-ROS2/ros2_ws/build/utils/prefix_override:/usr/lib/python3/dist-packages/colcon_core/task/python/colcon_distutils_commands:/home/dell/source_code/self-driving-car-ROS2/ros2_ws/install/utils/lib/python3.12/site-packages:/home/dell/source_code/self-driving-car-ROS2/ros2_ws/install/ros2_numpy/lib/python3.12/site-packages:/home/dell/source_code/self-driving-car-ROS2/ros2_ws/build/utils:/home/dell/source_code/self-driving-car-ROS2/ros2_ws/install/utils/lib/python3.12/site-packages:/home/dell/source_code/self-driving-car-ROS2/ros2_ws/build/self_driving_car:/home/dell/source_code/self-driving-car-ROS2/ros2_ws/install/self_driving_car/lib/python3.12/site-packages:/opt/ros/jazzy/lib/python3.12/site-packages VIRTUAL_ENV_PROMPT=(venv) /usr/bin/python3 -W ignore:setup.py install is deprecated -W ignore:easy_install command is deprecated setup.py egg_info --egg-base ../../build/utils build --build-base /home/dell/source_code/self-driving-car-ROS2/ros2_ws/build/utils/build install --record /home/dell/source_code/self-driving-car-ROS2/ros2_ws/build/utils/install.log --single-version-externally-managed install_data
[2.963s] DEBUG:colcon.colcon_core.event_handler.log_command:Invoking command in '/home/dell/source_code/self-driving-car-ROS2/ros2_ws/src/self_driving_car': DEBUGINFOD_URLS=https://debuginfod.ubuntu.com PS1=(venv) \[\e]0;\u@\h: \w\a\]${debian_chroot:+($debian_chroot)}\[\033[01;32m\]\u@\h\[\033[00m\]:\[\033[01;34m\]\w\[\033[00m\]\$ PYTHONPATH=/home/dell/source_code/self-driving-car-ROS2/ros2_ws/build/self_driving_car/prefix_override:/usr/lib/python3/dist-packages/colcon_core/task/python/colcon_distutils_commands:/home/dell/source_code/self-driving-car-ROS2/ros2_ws/install/self_driving_car/lib/python3.12/site-packages:/home/dell/source_code/self-driving-car-ROS2/ros2_ws/install/ros2_numpy/lib/python3.12/site-packages:/home/dell/source_code/self-driving-car-ROS2/ros2_ws/build/utils:/home/dell/source_code/self-driving-car-ROS2/ros2_ws/install/utils/lib/python3.12/site-packages:/home/dell/source_code/self-driving-car-ROS2/ros2_ws/build/self_driving_car:/home/dell/source_code/self-driving-car-ROS2/ros2_ws/install/self_driving_car/lib/python3.12/site-packages:/opt/ros/jazzy/lib/python3.12/site-packages VIRTUAL_ENV_PROMPT=(venv) /usr/bin/python3 -W ignore:setup.py install is deprecated -W ignore:easy_install command is deprecated setup.py egg_info --egg-base ../../build/self_driving_car build --build-base /home/dell/source_code/self-driving-car-ROS2/ros2_ws/build/self_driving_car/build install --record /home/dell/source_code/self-driving-car-ROS2/ros2_ws/build/self_driving_car/install.log --single-version-externally-managed install_data
[4.025s] Level 1:colcon.colcon_core.environment:checking '/home/dell/source_code/self-driving-car-ROS2/ros2_ws/install/utils' for CMake module files
[4.026s] DEBUG:colcon.colcon_core.event_handler.log_command:Invoked command in '/home/dell/source_code/self-driving-car-ROS2/ros2_ws/src/utils' returned '0': DEBUGINFOD_URLS=https://debuginfod.ubuntu.com PS1=(venv) \[\e]0;\u@\h: \w\a\]${debian_chroot:+($debian_chroot)}\[\033[01;32m\]\u@\h\[\033[00m\]:\[\033[01;34m\]\w\[\033[00m\]\$ PYTHONPATH=/home/dell/source_code/self-driving-car-ROS2/ros2_ws/build/utils/prefix_override:/usr/lib/python3/dist-packages/colcon_core/task/python/colcon_distutils_commands:/home/dell/source_code/self-driving-car-ROS2/ros2_ws/install/utils/lib/python3.12/site-packages:/home/dell/source_code/self-driving-car-ROS2/ros2_ws/install/ros2_numpy/lib/python3.12/site-packages:/home/dell/source_code/self-driving-car-ROS2/ros2_ws/build/utils:/home/dell/source_code/self-driving-car-ROS2/ros2_ws/install/utils/lib/python3.12/site-packages:/home/dell/source_code/self-driving-car-ROS2/ros2_ws/build/self_driving_car:/home/dell/source_code/self-driving-car-ROS2/ros2_ws/install/self_driving_car/lib/python3.12/site-packages:/opt/ros/jazzy/lib/python3.12/site-packages VIRTUAL_ENV_PROMPT=(venv) /usr/bin/python3 -W ignore:setup.py install is deprecated -W ignore:easy_install command is deprecated setup.py egg_info --egg-base ../../build/utils build --build-base /home/dell/source_code/self-driving-car-ROS2/ros2_ws/build/utils/build install --record /home/dell/source_code/self-driving-car-ROS2/ros2_ws/build/utils/install.log --single-version-externally-managed install_data
[4.027s] Level 1:colcon.colcon_core.environment:checking '/home/dell/source_code/self-driving-car-ROS2/ros2_ws/install/utils' for CMake config files
[4.028s] Level 1:colcon.colcon_core.environment:checking '/home/dell/source_code/self-driving-car-ROS2/ros2_ws/install/utils/lib'
[4.028s] Level 1:colcon.colcon_core.environment:checking '/home/dell/source_code/self-driving-car-ROS2/ros2_ws/install/utils/bin'
[4.028s] Level 1:colcon.colcon_core.environment:checking '/home/dell/source_code/self-driving-car-ROS2/ros2_ws/install/utils/lib/pkgconfig/utils.pc'
[4.028s] Level 1:colcon.colcon_core.environment:checking '/home/dell/source_code/self-driving-car-ROS2/ros2_ws/install/utils/lib/python3.12/site-packages'
[4.028s] Level 1:colcon.colcon_core.shell:create_environment_hook('utils', 'pythonpath')
[4.029s] INFO:colcon.colcon_core.shell:Creating environment hook '/home/dell/source_code/self-driving-car-ROS2/ros2_ws/install/utils/share/utils/hook/pythonpath.ps1'
[4.029s] INFO:colcon.colcon_core.shell:Creating environment descriptor '/home/dell/source_code/self-driving-car-ROS2/ros2_ws/install/utils/share/utils/hook/pythonpath.dsv'
[4.030s] INFO:colcon.colcon_core.shell:Creating environment hook '/home/dell/source_code/self-driving-car-ROS2/ros2_ws/install/utils/share/utils/hook/pythonpath.sh'
[4.031s] Level 1:colcon.colcon_core.environment:checking '/home/dell/source_code/self-driving-car-ROS2/ros2_ws/install/utils/bin'
[4.031s] Level 1:colcon.colcon_core.environment:create_environment_scripts_only(utils)
[4.031s] INFO:colcon.colcon_core.shell:Creating package script '/home/dell/source_code/self-driving-car-ROS2/ros2_ws/install/utils/share/utils/package.ps1'
[4.032s] INFO:colcon.colcon_core.shell:Creating package descriptor '/home/dell/source_code/self-driving-car-ROS2/ros2_ws/install/utils/share/utils/package.dsv'
[4.032s] INFO:colcon.colcon_core.shell:Creating package script '/home/dell/source_code/self-driving-car-ROS2/ros2_ws/install/utils/share/utils/package.sh'
[4.033s] INFO:colcon.colcon_core.shell:Creating package script '/home/dell/source_code/self-driving-car-ROS2/ros2_ws/install/utils/share/utils/package.bash'
[4.033s] INFO:colcon.colcon_core.shell:Creating package script '/home/dell/source_code/self-driving-car-ROS2/ros2_ws/install/utils/share/utils/package.zsh'
[4.034s] Level 1:colcon.colcon_core.environment:create_file_with_runtime_dependencies(/home/dell/source_code/self-driving-car-ROS2/ros2_ws/install/utils/share/colcon-core/packages/utils)
[4.036s] Level 1:colcon.colcon_core.environment:checking '/home/dell/source_code/self-driving-car-ROS2/ros2_ws/install/self_driving_car' for CMake module files
[4.037s] Level 1:colcon.colcon_core.environment:checking '/home/dell/source_code/self-driving-car-ROS2/ros2_ws/install/self_driving_car' for CMake config files
[4.037s] DEBUG:colcon.colcon_core.event_handler.log_command:Invoked command in '/home/dell/source_code/self-driving-car-ROS2/ros2_ws/src/self_driving_car' returned '0': DEBUGINFOD_URLS=https://debuginfod.ubuntu.com PS1=(venv) \[\e]0;\u@\h: \w\a\]${debian_chroot:+($debian_chroot)}\[\033[01;32m\]\u@\h\[\033[00m\]:\[\033[01;34m\]\w\[\033[00m\]\$ PYTHONPATH=/home/dell/source_code/self-driving-car-ROS2/ros2_ws/build/self_driving_car/prefix_override:/usr/lib/python3/dist-packages/colcon_core/task/python/colcon_distutils_commands:/home/dell/source_code/self-driving-car-ROS2/ros2_ws/install/self_driving_car/lib/python3.12/site-packages:/home/dell/source_code/self-driving-car-ROS2/ros2_ws/install/ros2_numpy/lib/python3.12/site-packages:/home/dell/source_code/self-driving-car-ROS2/ros2_ws/build/utils:/home/dell/source_code/self-driving-car-ROS2/ros2_ws/install/utils/lib/python3.12/site-packages:/home/dell/source_code/self-driving-car-ROS2/ros2_ws/build/self_driving_car:/home/dell/source_code/self-driving-car-ROS2/ros2_ws/install/self_driving_car/lib/python3.12/site-packages:/opt/ros/jazzy/lib/python3.12/site-packages VIRTUAL_ENV_PROMPT=(venv) /usr/bin/python3 -W ignore:setup.py install is deprecated -W ignore:easy_install command is deprecated setup.py egg_info --egg-base ../../build/self_driving_car build --build-base /home/dell/source_code/self-driving-car-ROS2/ros2_ws/build/self_driving_car/build install --record /home/dell/source_code/self-driving-car-ROS2/ros2_ws/build/self_driving_car/install.log --single-version-externally-managed install_data
[4.038s] Level 1:colcon.colcon_core.environment:checking '/home/dell/source_code/self-driving-car-ROS2/ros2_ws/install/self_driving_car/lib'
[4.038s] Level 1:colcon.colcon_core.environment:checking '/home/dell/source_code/self-driving-car-ROS2/ros2_ws/install/self_driving_car/bin'
[4.038s] Level 1:colcon.colcon_core.environment:checking '/home/dell/source_code/self-driving-car-ROS2/ros2_ws/install/self_driving_car/lib/pkgconfig/self_driving_car.pc'
[4.038s] Level 1:colcon.colcon_core.environment:checking '/home/dell/source_code/self-driving-car-ROS2/ros2_ws/install/self_driving_car/lib/python3.12/site-packages'
[4.039s] Level 1:colcon.colcon_core.shell:create_environment_hook('self_driving_car', 'pythonpath')
[4.039s] INFO:colcon.colcon_core.shell:Creating environment hook '/home/dell/source_code/self-driving-car-ROS2/ros2_ws/install/self_driving_car/share/self_driving_car/hook/pythonpath.ps1'
[4.039s] INFO:colcon.colcon_core.shell:Creating environment descriptor '/home/dell/source_code/self-driving-car-ROS2/ros2_ws/install/self_driving_car/share/self_driving_car/hook/pythonpath.dsv'
[4.040s] INFO:colcon.colcon_core.shell:Creating environment hook '/home/dell/source_code/self-driving-car-ROS2/ros2_ws/install/self_driving_car/share/self_driving_car/hook/pythonpath.sh'
[4.041s] Level 1:colcon.colcon_core.environment:checking '/home/dell/source_code/self-driving-car-ROS2/ros2_ws/install/self_driving_car/bin'
[4.041s] Level 1:colcon.colcon_core.environment:create_environment_scripts_only(self_driving_car)
[4.041s] INFO:colcon.colcon_core.shell:Creating package script '/home/dell/source_code/self-driving-car-ROS2/ros2_ws/install/self_driving_car/share/self_driving_car/package.ps1'
[4.042s] INFO:colcon.colcon_core.shell:Creating package descriptor '/home/dell/source_code/self-driving-car-ROS2/ros2_ws/install/self_driving_car/share/self_driving_car/package.dsv'
[4.042s] INFO:colcon.colcon_core.shell:Creating package script '/home/dell/source_code/self-driving-car-ROS2/ros2_ws/install/self_driving_car/share/self_driving_car/package.sh'
[4.043s] INFO:colcon.colcon_core.shell:Creating package script '/home/dell/source_code/self-driving-car-ROS2/ros2_ws/install/self_driving_car/share/self_driving_car/package.bash'
[4.044s] INFO:colcon.colcon_core.shell:Creating package script '/home/dell/source_code/self-driving-car-ROS2/ros2_ws/install/self_driving_car/share/self_driving_car/package.zsh'
[4.044s] Level 1:colcon.colcon_core.environment:create_file_with_runtime_dependencies(/home/dell/source_code/self-driving-car-ROS2/ros2_ws/install/self_driving_car/share/colcon-core/packages/self_driving_car)
[4.044s] DEBUG:colcon.colcon_parallel_executor.executor.parallel:closing loop
[4.045s] DEBUG:colcon.colcon_parallel_executor.executor.parallel:loop closed
[4.045s] DEBUG:colcon.colcon_parallel_executor.executor.parallel:run_until_complete finished with '0'
[4.045s] DEBUG:colcon.colcon_core.event_reactor:joining thread
[4.053s] INFO:colcon.colcon_core.plugin_system:Skipping extension 'colcon_notification.desktop_notification.terminal_notifier': Not used on non-Darwin systems
[4.053s] INFO:colcon.colcon_core.plugin_system:Skipping extension 'colcon_notification.desktop_notification.win32': Not used on non-Windows systems
[4.053s] INFO:colcon.colcon_notification.desktop_notification:Sending desktop notification using 'notify2'
[4.061s] DEBUG:colcon.colcon_core.event_reactor:joined thread
[4.062s] INFO:colcon.colcon_core.shell:Creating prefix script '/home/dell/source_code/self-driving-car-ROS2/ros2_ws/install/local_setup.ps1'
[4.064s] INFO:colcon.colcon_core.shell:Creating prefix util module '/home/dell/source_code/self-driving-car-ROS2/ros2_ws/install/_local_setup_util_ps1.py'
[4.068s] INFO:colcon.colcon_core.shell:Creating prefix chain script '/home/dell/source_code/self-driving-car-ROS2/ros2_ws/install/setup.ps1'
[4.073s] INFO:colcon.colcon_core.shell:Creating prefix script '/home/dell/source_code/self-driving-car-ROS2/ros2_ws/install/local_setup.sh'
[4.074s] INFO:colcon.colcon_core.shell:Creating prefix util module '/home/dell/source_code/self-driving-car-ROS2/ros2_ws/install/_local_setup_util_sh.py'
[4.075s] INFO:colcon.colcon_core.shell:Creating prefix chain script '/home/dell/source_code/self-driving-car-ROS2/ros2_ws/install/setup.sh'
[4.078s] INFO:colcon.colcon_core.shell:Creating prefix script '/home/dell/source_code/self-driving-car-ROS2/ros2_ws/install/local_setup.bash'
[4.080s] INFO:colcon.colcon_core.shell:Creating prefix chain script '/home/dell/source_code/self-driving-car-ROS2/ros2_ws/install/setup.bash'
[4.083s] INFO:colcon.colcon_core.shell:Creating prefix script '/home/dell/source_code/self-driving-car-ROS2/ros2_ws/install/local_setup.zsh'
[4.083s] INFO:colcon.colcon_core.shell:Creating prefix chain script '/home/dell/source_code/self-driving-car-ROS2/ros2_ws/install/setup.zsh'
