[1.870s] Invoking command in '/home/dell/source_code/self-driving-car-ROS2/ros2_ws/src/utils': DEBUGINFOD_URLS=https://debuginfod.ubuntu.com PS1=(venv) \[\e]0;\u@\h: \w\a\]${debian_chroot:+($debian_chroot)}\[\033[01;32m\]\u@\h\[\033[00m\]:\[\033[01;34m\]\w\[\033[00m\]\$ PYTHONPATH=/home/dell/source_code/self-driving-car-ROS2/ros2_ws/build/utils/prefix_override:/usr/lib/python3/dist-packages/colcon_core/task/python/colcon_distutils_commands:/home/dell/source_code/self-driving-car-ROS2/ros2_ws/install/utils/lib/python3.12/site-packages:/home/dell/source_code/self-driving-car-ROS2/ros2_ws/install/ros2_numpy/lib/python3.12/site-packages:/home/dell/source_code/self-driving-car-ROS2/ros2_ws/build/utils:/home/dell/source_code/self-driving-car-ROS2/ros2_ws/install/utils/lib/python3.12/site-packages:/home/dell/source_code/self-driving-car-ROS2/ros2_ws/build/self_driving_car:/home/dell/source_code/self-driving-car-ROS2/ros2_ws/install/self_driving_car/lib/python3.12/site-packages:/opt/ros/jazzy/lib/python3.12/site-packages VIRTUAL_ENV_PROMPT=(venv) /usr/bin/python3 -W ignore:setup.py install is deprecated -W ignore:easy_install command is deprecated setup.py egg_info --egg-base ../../build/utils build --build-base /home/dell/source_code/self-driving-car-ROS2/ros2_ws/build/utils/build install --record /home/dell/source_code/self-driving-car-ROS2/ros2_ws/build/utils/install.log --single-version-externally-managed install_data
[2.384s] running egg_info
[2.424s] writing ../../build/utils/utils.egg-info/PKG-INFO
[2.424s] writing dependency_links to ../../build/utils/utils.egg-info/dependency_links.txt
[2.425s] writing requirements to ../../build/utils/utils.egg-info/requires.txt
[2.425s] writing top-level names to ../../build/utils/utils.egg-info/top_level.txt
[2.508s] reading manifest file '../../build/utils/utils.egg-info/SOURCES.txt'
[2.508s] adding license file 'LICENSE'
[2.509s] writing manifest file '../../build/utils/utils.egg-info/SOURCES.txt'
[2.510s] running build
[2.510s] running build_py
[2.510s] running install
[2.522s] running install_lib
[2.565s] running install_data
[2.565s] running install_egg_info
[2.608s] removing '/home/dell/source_code/self-driving-car-ROS2/ros2_ws/install/utils/lib/python3.12/site-packages/utils-0.0.0-py3.12.egg-info' (and everything under it)
[2.609s] Copying ../../build/utils/utils.egg-info to /home/dell/source_code/self-driving-car-ROS2/ros2_ws/install/utils/lib/python3.12/site-packages/utils-0.0.0-py3.12.egg-info
[2.610s] running install_scripts
[2.872s] writing list of installed files to '/home/dell/source_code/self-driving-car-ROS2/ros2_ws/build/utils/install.log'
[2.939s] Invoked command in '/home/dell/source_code/self-driving-car-ROS2/ros2_ws/src/utils' returned '0': DEBUGINFOD_URLS=https://debuginfod.ubuntu.com PS1=(venv) \[\e]0;\u@\h: \w\a\]${debian_chroot:+($debian_chroot)}\[\033[01;32m\]\u@\h\[\033[00m\]:\[\033[01;34m\]\w\[\033[00m\]\$ PYTHONPATH=/home/dell/source_code/self-driving-car-ROS2/ros2_ws/build/utils/prefix_override:/usr/lib/python3/dist-packages/colcon_core/task/python/colcon_distutils_commands:/home/dell/source_code/self-driving-car-ROS2/ros2_ws/install/utils/lib/python3.12/site-packages:/home/dell/source_code/self-driving-car-ROS2/ros2_ws/install/ros2_numpy/lib/python3.12/site-packages:/home/dell/source_code/self-driving-car-ROS2/ros2_ws/build/utils:/home/dell/source_code/self-driving-car-ROS2/ros2_ws/install/utils/lib/python3.12/site-packages:/home/dell/source_code/self-driving-car-ROS2/ros2_ws/build/self_driving_car:/home/dell/source_code/self-driving-car-ROS2/ros2_ws/install/self_driving_car/lib/python3.12/site-packages:/opt/ros/jazzy/lib/python3.12/site-packages VIRTUAL_ENV_PROMPT=(venv) /usr/bin/python3 -W ignore:setup.py install is deprecated -W ignore:easy_install command is deprecated setup.py egg_info --egg-base ../../build/utils build --build-base /home/dell/source_code/self-driving-car-ROS2/ros2_ws/build/utils/build install --record /home/dell/source_code/self-driving-car-ROS2/ros2_ws/build/utils/install.log --single-version-externally-managed install_data
