[1.860s] Invoking command in '/home/dell/source_code/self-driving-car-ROS2/ros2_ws/src/self_driving_car': DEBUGINFOD_URLS=https://debuginfod.ubuntu.com PS1=(venv) \[\e]0;\u@\h: \w\a\]${debian_chroot:+($debian_chroot)}\[\033[01;32m\]\u@\h\[\033[00m\]:\[\033[01;34m\]\w\[\033[00m\]\$ PYTHONPATH=/home/dell/source_code/self-driving-car-ROS2/ros2_ws/build/self_driving_car/prefix_override:/usr/lib/python3/dist-packages/colcon_core/task/python/colcon_distutils_commands:/home/dell/source_code/self-driving-car-ROS2/ros2_ws/install/self_driving_car/lib/python3.12/site-packages:${PYTHONPATH} VIRTUAL_ENV_PROMPT=(venv) /usr/bin/python3 -W ignore:setup.py install is deprecated -W ignore:easy_install command is deprecated setup.py egg_info --egg-base ../../build/self_driving_car build --build-base /home/dell/source_code/self-driving-car-ROS2/ros2_ws/build/self_driving_car/build install --record /home/dell/source_code/self-driving-car-ROS2/ros2_ws/build/self_driving_car/install.log --single-version-externally-managed install_data
[2.367s] running egg_info
[2.367s] creating ../../build/self_driving_car/self_driving_car.egg-info
[2.407s] writing ../../build/self_driving_car/self_driving_car.egg-info/PKG-INFO
[2.408s] writing dependency_links to ../../build/self_driving_car/self_driving_car.egg-info/dependency_links.txt
[2.408s] writing requirements to ../../build/self_driving_car/self_driving_car.egg-info/requires.txt
[2.408s] writing top-level names to ../../build/self_driving_car/self_driving_car.egg-info/top_level.txt
[2.409s] writing manifest file '../../build/self_driving_car/self_driving_car.egg-info/SOURCES.txt'
[2.491s] reading manifest file '../../build/self_driving_car/self_driving_car.egg-info/SOURCES.txt'
[2.492s] adding license file 'LICENSE'
[2.493s] writing manifest file '../../build/self_driving_car/self_driving_car.egg-info/SOURCES.txt'
[2.493s] running build
[2.493s] running build_py
[2.494s] creating /home/dell/source_code/self-driving-car-ROS2/ros2_ws/build/self_driving_car/build
[2.494s] creating /home/dell/source_code/self-driving-car-ROS2/ros2_ws/build/self_driving_car/build/lib
[2.494s] creating /home/dell/source_code/self-driving-car-ROS2/ros2_ws/build/self_driving_car/build/lib/self_driving_car
[2.494s] copying self_driving_car/__init__.py -> /home/dell/source_code/self-driving-car-ROS2/ros2_ws/build/self_driving_car/build/lib/self_driving_car
[2.495s] running install
[2.506s] running install_lib
[2.548s] creating /home/dell/source_code/self-driving-car-ROS2/ros2_ws/install/self_driving_car/lib/python3.12/site-packages/self_driving_car
[2.549s] copying /home/dell/source_code/self-driving-car-ROS2/ros2_ws/build/self_driving_car/build/lib/self_driving_car/__init__.py -> /home/dell/source_code/self-driving-car-ROS2/ros2_ws/install/self_driving_car/lib/python3.12/site-packages/self_driving_car
[2.549s] byte-compiling /home/dell/source_code/self-driving-car-ROS2/ros2_ws/install/self_driving_car/lib/python3.12/site-packages/self_driving_car/__init__.py to __init__.cpython-312.pyc
[2.550s] running install_data
[2.550s] creating /home/dell/source_code/self-driving-car-ROS2/ros2_ws/install/self_driving_car/share/ament_index
[2.551s] creating /home/dell/source_code/self-driving-car-ROS2/ros2_ws/install/self_driving_car/share/ament_index/resource_index
[2.551s] creating /home/dell/source_code/self-driving-car-ROS2/ros2_ws/install/self_driving_car/share/ament_index/resource_index/packages
[2.551s] copying resource/self_driving_car -> /home/dell/source_code/self-driving-car-ROS2/ros2_ws/install/self_driving_car/share/ament_index/resource_index/packages
[2.551s] copying package.xml -> /home/dell/source_code/self-driving-car-ROS2/ros2_ws/install/self_driving_car/share/self_driving_car
[2.552s] running install_egg_info
[2.594s] Copying ../../build/self_driving_car/self_driving_car.egg-info to /home/dell/source_code/self-driving-car-ROS2/ros2_ws/install/self_driving_car/lib/python3.12/site-packages/self_driving_car-0.0.0-py3.12.egg-info
[2.595s] running install_scripts
[2.853s] writing list of installed files to '/home/dell/source_code/self-driving-car-ROS2/ros2_ws/build/self_driving_car/install.log'
[2.920s] Invoked command in '/home/dell/source_code/self-driving-car-ROS2/ros2_ws/src/self_driving_car' returned '0': DEBUGINFOD_URLS=https://debuginfod.ubuntu.com PS1=(venv) \[\e]0;\u@\h: \w\a\]${debian_chroot:+($debian_chroot)}\[\033[01;32m\]\u@\h\[\033[00m\]:\[\033[01;34m\]\w\[\033[00m\]\$ PYTHONPATH=/home/dell/source_code/self-driving-car-ROS2/ros2_ws/build/self_driving_car/prefix_override:/usr/lib/python3/dist-packages/colcon_core/task/python/colcon_distutils_commands:/home/dell/source_code/self-driving-car-ROS2/ros2_ws/install/self_driving_car/lib/python3.12/site-packages:${PYTHONPATH} VIRTUAL_ENV_PROMPT=(venv) /usr/bin/python3 -W ignore:setup.py install is deprecated -W ignore:easy_install command is deprecated setup.py egg_info --egg-base ../../build/self_driving_car build --build-base /home/dell/source_code/self-driving-car-ROS2/ros2_ws/build/self_driving_car/build install --record /home/dell/source_code/self-driving-car-ROS2/ros2_ws/build/self_driving_car/install.log --single-version-externally-managed install_data
